<?xml version="1.0"?><coverage lines-covered="4300" lines-valid="7145" line-rate="0.6018194541637508" branches-covered="0" branches-valid="0" branch-rate="0" complexity="0" version="1.9" timestamp="1780264394"><sources><source>/Users/kali/SpiritStream</source></sources><packages><package name="crates/core/src/services" line-rate="0.5845485572448029" branch-rate="0" complexity="0"><classes><class name="auth" filename="crates/core/src/services/auth.rs" line-rate="0.8253968253968254" branch-rate="0" complexity="0"><methods/><lines><line number="49" hits="0"/><line number="51" hits="0"/><line number="52" hits="0"/><line number="54" hits="0"/><line number="55" hits="0"/><line number="82" hits="0"/><line number="83" hits="0"/><line number="86" hits="7"/><line number="88" hits="14"/><line number="93" hits="0"/><line number="94" hits="0"/><line number="101" hits="8"/><line number="102" hits="32"/><line number="103" hits="40"/><line number="104" hits="16"/><line number="105" hits="8"/><line number="106" hits="8"/><line number="107" hits="23"/><line number="112" hits="4"/><line number="113" hits="16"/><line number="114" hits="11"/><line number="115" hits="1"/><line number="117" hits="9"/><line number="128" hits="28"/><line number="129" hits="112"/><line number="130" hits="140"/><line number="131" hits="56"/><line number="136" hits="29"/><line number="137" hits="2"/><line number="140" hits="54"/><line number="141" hits="27"/><line number="142" hits="81"/><line number="145" hits="108"/><line number="146" hits="54"/><line number="147" hits="210"/><line number="151" hits="27"/><line number="152" hits="10"/><line number="153" hits="5"/><line number="154" hits="5"/><line number="157" hits="44"/><line number="158" hits="22"/><line number="159" hits="22"/><line number="164" hits="1"/><line number="165" hits="4"/><line number="166" hits="4"/><line number="167" hits="2"/><line number="168" hits="2"/><line number="169" hits="1"/><line number="175" hits="0"/><line number="176" hits="0"/><line number="180" hits="36"/><line number="181" hits="43"/><line number="182" hits="8"/><line number="183" hits="2"/><line number="184" hits="2"/><line number="185" hits="1"/><line number="190" hits="25"/><line number="191" hits="25"/><line number="192" hits="3"/><line number="196" hits="88"/><line number="197" hits="88"/><line number="198" hits="88"/><line number="199" hits="66"/></lines></class><class name="auth_surveillance" filename="crates/core/src/services/auth_surveillance.rs" line-rate="0.9411764705882353" branch-rate="0" complexity="0"><methods/><lines><line number="66" hits="12"/><line number="70" hits="12"/><line number="80" hits="16"/><line number="86" hits="48"/><line number="87" hits="32"/><line number="88" hits="16"/><line number="90" hits="16"/><line number="93" hits="5"/><line number="97" hits="22"/><line number="98" hits="11"/><line number="99" hits="33"/><line number="100" hits="55"/><line number="101" hits="22"/><line number="102" hits="45"/><line number="103" hits="0"/><line number="106" hits="33"/><line number="107" hits="11"/><line number="108" hits="0"/><line number="110" hits="33"/><line number="111" hits="11"/><line number="113" hits="111"/><line number="118" hits="11"/><line number="119" hits="6"/><line number="120" hits="6"/><line number="121" hits="3"/><line number="123" hits="6"/><line number="125" hits="3"/><line number="126" hits="3"/><line number="127" hits="3"/><line number="128" hits="3"/><line number="131" hits="3"/><line number="132" hits="6"/><line number="133" hits="3"/><line number="136" hits="8"/></lines></class><class name="confirm_token" filename="crates/core/src/services/confirm_token.rs" line-rate="0.8333333333333334" branch-rate="0" complexity="0"><methods/><lines><line number="37" hits="9"/><line number="38" hits="18"/><line number="41" hits="10"/><line number="43" hits="20"/><line number="48" hits="0"/><line number="49" hits="0"/><line number="54" hits="6"/><line number="55" hits="18"/><line number="56" hits="24"/><line number="57" hits="18"/><line number="58" hits="30"/><line number="59" hits="6"/><line number="64" hits="6"/><line number="65" hits="24"/><line number="66" hits="18"/><line number="67" hits="24"/><line number="68" hits="12"/><line number="69" hits="4"/><line number="70" hits="4"/><line number="74" hits="12"/><line number="75" hits="24"/><line number="76" hits="34"/><line number="81" hits="0"/><line number="82" hits="0"/></lines></class><class name="discord_webhook" filename="crates/core/src/services/discord_webhook.rs" line-rate="0.4076086956521739" branch-rate="0" complexity="0"><methods/><lines><line number="71" hits="11"/><line number="72" hits="44"/><line number="75" hits="66"/><line number="76" hits="22"/><line number="77" hits="22"/><line number="78" hits="22"/><line number="79" hits="11"/><line number="80" hits="11"/><line number="82" hits="11"/><line number="83" hits="11"/><line number="85" hits="495"/><line number="86" hits="110"/><line number="90" hits="22"/><line number="91" hits="44"/><line number="92" hits="33"/><line number="93" hits="22"/><line number="98" hits="4"/><line number="99" hits="4"/><line number="100" hits="8"/><line number="101" hits="0"/><line number="102" hits="0"/><line number="115" hits="4"/><line number="123" hits="8"/><line number="124" hits="0"/><line number="125" hits="0"/><line number="126" hits="0"/><line number="127" hits="0"/><line number="131" hits="4"/><line number="132" hits="0"/><line number="134" hits="0"/><line number="135" hits="0"/><line number="136" hits="0"/><line number="137" hits="0"/><line number="146" hits="4"/><line number="147" hits="12"/><line number="148" hits="8"/><line number="149" hits="7"/><line number="150" hits="9"/><line number="151" hits="3"/><line number="152" hits="6"/><line number="153" hits="2"/><line number="159" hits="2"/><line number="165" hits="4"/><line number="166" hits="6"/><line number="167" hits="2"/><line number="171" hits="2"/><line number="175" hits="6"/><line number="176" hits="2"/><line number="180" hits="4"/><line number="181" hits="0"/><line number="182" hits="0"/><line number="183" hits="0"/><line number="185" hits="0"/><line number="186" hits="0"/><line number="188" hits="0"/><line number="191" hits="8"/><line number="194" hits="4"/><line number="198" hits="0"/><line number="201" hits="0"/><line number="205" hits="2"/><line number="206" hits="2"/><line number="209" hits="2"/><line number="214" hits="6"/><line number="215" hits="2"/><line number="218" hits="4"/><line number="222" hits="8"/><line number="223" hits="8"/><line number="224" hits="0"/><line number="225" hits="0"/><line number="228" hits="0"/><line number="231" hits="8"/><line number="232" hits="0"/><line number="233" hits="0"/><line number="234" hits="0"/><line number="236" hits="0"/><line number="241" hits="4"/><line number="242" hits="6"/><line number="243" hits="4"/><line number="244" hits="6"/><line number="245" hits="6"/><line number="247" hits="2"/><line number="248" hits="2"/><line number="249" hits="0"/><line number="252" hits="6"/><line number="261" hits="1"/><line number="270" hits="3"/><line number="271" hits="1"/><line number="273" hits="13"/><line number="275" hits="4"/><line number="277" hits="0"/><line number="278" hits="0"/><line number="279" hits="0"/><line number="280" hits="0"/><line number="281" hits="0"/><line number="287" hits="0"/><line number="289" hits="0"/><line number="291" hits="0"/><line number="295" hits="0"/><line number="296" hits="0"/><line number="297" hits="0"/><line number="298" hits="0"/><line number="299" hits="0"/><line number="301" hits="0"/><line number="302" hits="0"/><line number="303" hits="0"/><line number="304" hits="0"/><line number="305" hits="0"/><line number="308" hits="0"/><line number="309" hits="0"/><line number="312" hits="0"/><line number="313" hits="0"/><line number="314" hits="0"/><line number="315" hits="0"/><line number="316" hits="0"/><line number="319" hits="0"/><line number="320" hits="0"/><line number="321" hits="0"/><line number="323" hits="0"/><line number="324" hits="0"/><line number="325" hits="0"/><line number="326" hits="0"/><line number="328" hits="0"/><line number="329" hits="0"/><line number="330" hits="0"/><line number="333" hits="0"/><line number="337" hits="4"/><line number="338" hits="6"/><line number="340" hits="6"/><line number="342" hits="0"/><line number="343" hits="2"/><line number="344" hits="0"/><line number="345" hits="0"/><line number="346" hits="0"/><line number="349" hits="0"/><line number="350" hits="0"/><line number="352" hits="0"/><line number="354" hits="0"/><line number="358" hits="0"/><line number="359" hits="0"/><line number="360" hits="0"/><line number="361" hits="0"/><line number="364" hits="2"/><line number="366" hits="0"/><line number="368" hits="0"/><line number="369" hits="0"/><line number="370" hits="0"/><line number="371" hits="0"/><line number="373" hits="4"/><line number="374" hits="0"/><line number="375" hits="0"/><line number="377" hits="2"/><line number="378" hits="2"/><line number="379" hits="2"/><line number="382" hits="0"/><line number="384" hits="0"/><line number="385" hits="0"/><line number="386" hits="0"/><line number="387" hits="0"/><line number="393" hits="0"/><line number="394" hits="0"/><line number="395" hits="0"/><line number="396" hits="0"/><line number="397" hits="0"/><line number="398" hits="0"/><line number="402" hits="0"/><line number="403" hits="0"/><line number="405" hits="0"/><line number="406" hits="0"/><line number="407" hits="0"/><line number="408" hits="0"/><line number="413" hits="0"/><line number="414" hits="0"/><line number="418" hits="0"/><line number="420" hits="0"/><line number="423" hits="0"/><line number="427" hits="0"/><line number="428" hits="0"/><line number="431" hits="0"/><line number="439" hits="2"/><line number="440" hits="2"/><line number="441" hits="1"/><line number="442" hits="1"/><line number="447" hits="0"/><line number="452" hits="0"/></lines></class><class name="embedded_themes" filename="crates/core/src/services/embedded_themes.rs" line-rate="0.9253731343283582" branch-rate="0" complexity="0"><methods/><lines><line number="45" hits="5"/><line number="46" hits="16"/><line number="47" hits="2"/><line number="50" hits="2"/><line number="51" hits="1"/><line number="52" hits="2"/><line number="53" hits="2"/><line number="54" hits="2"/><line number="55" hits="2"/><line number="56" hits="2"/><line number="57" hits="2"/><line number="58" hits="2"/><line number="59" hits="2"/><line number="60" hits="2"/><line number="61" hits="2"/><line number="62" hits="2"/><line number="63" hits="1"/><line number="64" hits="1"/><line number="67" hits="15"/><line number="69" hits="42"/><line number="70" hits="14"/><line number="71" hits="14"/><line number="72" hits="14"/><line number="75" hits="0"/><line number="77" hits="56"/><line number="79" hits="0"/><line number="80" hits="0"/><line number="85" hits="1"/><line number="86" hits="1"/><line number="89" hits="20"/><line number="95" hits="3"/><line number="96" hits="6"/><line number="101" hits="7"/><line number="102" hits="22"/><line number="103" hits="2"/><line number="104" hits="1"/><line number="105" hits="2"/><line number="106" hits="2"/><line number="107" hits="2"/><line number="108" hits="2"/><line number="109" hits="2"/><line number="110" hits="2"/><line number="111" hits="2"/><line number="112" hits="2"/><line number="113" hits="2"/><line number="114" hits="2"/><line number="115" hits="2"/><line number="116" hits="1"/><line number="117" hits="1"/><line number="120" hits="2"/><line number="121" hits="15"/><line number="122" hits="42"/><line number="123" hits="14"/><line number="124" hits="28"/><line number="125" hits="42"/><line number="126" hits="28"/><line number="127" hits="28"/><line number="128" hits="28"/><line number="129" hits="28"/><line number="130" hits="14"/><line number="131" hits="14"/><line number="132" hits="14"/><line number="135" hits="0"/><line number="136" hits="0"/><line number="141" hits="1"/><line number="142" hits="1"/><line number="145" hits="14"/></lines></class><class name="events" filename="crates/core/src/services/events.rs" line-rate="1" branch-rate="0" complexity="0"><methods/><lines><line number="12" hits="2"/><line number="20" hits="22"/><line number="21" hits="88"/><line number="25" hits="1"/><line number="26" hits="3"/><line number="27" hits="3"/></lines></class><class name="ffmpeg_locator" filename="crates/core/src/services/ffmpeg_locator.rs" line-rate="0.5842696629213483" branch-rate="0" complexity="0"><methods/><lines><line number="81" hits="5"/><line number="83" hits="10"/><line number="84" hits="10"/><line number="86" hits="5"/><line number="87" hits="0"/><line number="89" hits="5"/><line number="90" hits="5"/><line number="91" hits="5"/><line number="98" hits="18"/><line number="100" hits="18"/><line number="101" hits="0"/><line number="102" hits="0"/><line number="103" hits="0"/><line number="104" hits="0"/><line number="105" hits="0"/><line number="106" hits="0"/><line number="108" hits="0"/><line number="112" hits="0"/><line number="118" hits="18"/><line number="119" hits="0"/><line number="120" hits="0"/><line number="121" hits="0"/><line number="122" hits="0"/><line number="123" hits="0"/><line number="125" hits="0"/><line number="129" hits="0"/><line number="134" hits="18"/><line number="135" hits="0"/><line number="136" hits="0"/><line number="139" hits="18"/><line number="144" hits="18"/><line number="149" hits="0"/><line number="150" hits="0"/><line number="151" hits="0"/><line number="152" hits="0"/><line number="155" hits="0"/><line number="156" hits="0"/><line number="157" hits="0"/><line number="159" hits="0"/><line number="160" hits="0"/><line number="166" hits="3"/><line number="167" hits="12"/><line number="168" hits="9"/><line number="169" hits="7"/><line number="170" hits="7"/><line number="174" hits="5"/><line number="175" hits="15"/><line number="176" hits="15"/><line number="177" hits="10"/><line number="178" hits="15"/><line number="179" hits="0"/><line number="183" hits="10"/><line number="184" hits="50"/><line number="185" hits="20"/><line number="186" hits="0"/><line number="188" hits="50"/><line number="189" hits="80"/><line number="190" hits="59"/><line number="191" hits="20"/><line number="201" hits="2"/><line number="208" hits="3"/><line number="209" hits="2"/><line number="212" hits="1"/><line number="214" hits="1"/><line number="215" hits="0"/><line number="217" hits="5"/><line number="218" hits="1"/><line number="227" hits="2"/><line number="228" hits="3"/><line number="229" hits="3"/><line number="230" hits="5"/><line number="231" hits="0"/><line number="232" hits="0"/><line number="235" hits="4"/><line number="236" hits="0"/><line number="237" hits="3"/><line number="238" hits="0"/><line number="239" hits="0"/><line number="240" hits="0"/><line number="244" hits="4"/><line number="254" hits="18"/><line number="255" hits="36"/><line number="256" hits="378"/><line number="257" hits="684"/><line number="258" hits="684"/><line number="259" hits="0"/><line number="262" hits="18"/><line number="265" hits="342"/><line number="266" hits="1368"/></lines></class><class name="jsonc" filename="crates/core/src/services/jsonc.rs" line-rate="0.926829268292683" branch-rate="0" complexity="0"><methods/><lines><line number="19" hits="58"/><line number="20" hits="290"/><line number="21" hits="232"/><line number="22" hits="232"/><line number="23" hits="116"/><line number="24" hits="116"/><line number="25" hits="116"/><line number="26" hits="116"/><line number="28" hits="523114"/><line number="29" hits="261528"/><line number="30" hits="1920"/><line number="31" hits="70"/><line number="32" hits="70"/><line number="34" hits="1885"/><line number="37" hits="259643"/><line number="38" hits="17"/><line number="39" hits="4"/><line number="40" hits="4"/><line number="41" hits="2"/><line number="43" hits="2"/><line number="45" hits="15"/><line number="46" hits="0"/><line number="48" hits="15"/><line number="51" hits="259626"/><line number="52" hits="577062"/><line number="53" hits="192354"/><line number="54" hits="0"/><line number="55" hits="192354"/><line number="56" hits="0"/><line number="57" hits="205694"/><line number="58" hits="13340"/><line number="60" hits="192354"/><line number="63" hits="67272"/><line number="64" hits="13340"/><line number="65" hits="40020"/><line number="66" hits="13340"/><line number="69" hits="53932"/><line number="70" hits="37"/><line number="72" hits="70"/><line number="73" hits="35"/><line number="74" hits="35"/><line number="77" hits="4"/><line number="78" hits="2"/><line number="79" hits="2"/><line number="81" hits="0"/><line number="85" hits="161685"/><line number="88" hits="58"/><line number="95" hits="58"/><line number="96" hits="290"/><line number="97" hits="232"/><line number="98" hits="116"/><line number="99" hits="116"/><line number="100" hits="116"/><line number="102" hits="519304"/><line number="103" hits="519188"/><line number="105" hits="259594"/><line number="106" hits="577119"/><line number="107" hits="192373"/><line number="108" hits="0"/><line number="109" hits="192373"/><line number="110" hits="0"/><line number="111" hits="205717"/><line number="112" hits="13344"/><line number="114" hits="192373"/><line number="115" hits="192373"/><line number="118" hits="67221"/><line number="119" hits="13344"/><line number="120" hits="40032"/><line number="121" hits="13344"/><line number="122" hits="13344"/><line number="125" hits="53877"/><line number="126" hits="13376"/><line number="127" hits="191707"/><line number="128" hits="32991"/><line number="130" hits="26660"/><line number="133" hits="93"/><line number="134" hits="93"/><line number="138" hits="161352"/><line number="139" hits="53784"/><line number="142" hits="58"/><line number="147" hits="30"/><line number="148" hits="60"/></lines></class><class name="log_manager" filename="crates/core/src/services/log_manager.rs" line-rate="0.9591836734693877" branch-rate="0" complexity="0"><methods/><lines><line number="10" hits="3"/><line number="11" hits="3"/><line number="12" hits="1"/><line number="15" hits="2"/><line number="16" hits="1"/><line number="19" hits="2"/><line number="20" hits="3"/><line number="21" hits="1"/><line number="23" hits="4"/><line number="24" hits="0"/><line number="26" hits="2"/><line number="28" hits="5"/><line number="29" hits="9"/><line number="30" hits="15"/><line number="31" hits="1"/><line number="34" hits="4"/><line number="36" hits="6"/><line number="37" hits="2"/><line number="38" hits="5"/><line number="39" hits="1"/><line number="43" hits="1"/><line number="46" hits="2"/><line number="47" hits="3"/><line number="48" hits="2"/><line number="49" hits="1"/><line number="52" hits="3"/><line number="55" hits="2"/><line number="56" hits="8"/><line number="57" hits="6"/><line number="59" hits="7"/><line number="60" hits="9"/><line number="61" hits="15"/><line number="62" hits="1"/><line number="64" hits="4"/><line number="66" hits="6"/><line number="67" hits="2"/><line number="69" hits="1"/><line number="70" hits="1"/><line number="71" hits="4"/><line number="75" hits="4"/><line number="78" hits="1"/><line number="79" hits="4"/><line number="80" hits="0"/><line number="82" hits="3"/><line number="83" hits="3"/><line number="85" hits="11"/><line number="86" hits="7"/><line number="89" hits="5"/><line number="90" hits="1"/></lines></class><class name="media_sanitizer" filename="crates/core/src/services/media_sanitizer.rs" line-rate="0.7142857142857143" branch-rate="0" complexity="0"><methods/><lines><line number="52" hits="11"/><line number="53" hits="44"/><line number="54" hits="2"/><line number="56" hits="36"/><line number="58" hits="6"/><line number="60" hits="7"/><line number="61" hits="1"/><line number="63" hits="2"/><line number="74" hits="5"/><line number="75" hits="19"/><line number="76" hits="2"/><line number="77" hits="3"/><line number="78" hits="2"/><line number="79" hits="1"/><line number="82" hits="4"/><line number="83" hits="2"/><line number="84" hits="6"/><line number="85" hits="0"/><line number="89" hits="1"/><line number="94" hits="6"/><line number="95" hits="3"/><line number="96" hits="3"/><line number="97" hits="4"/><line number="98" hits="2"/><line number="99" hits="3"/><line number="100" hits="1"/><line number="101" hits="1"/><line number="104" hits="3"/><line number="107" hits="18"/><line number="110" hits="51"/><line number="111" hits="36"/><line number="113" hits="12"/><line number="114" hits="6"/><line number="115" hits="9"/><line number="116" hits="3"/><line number="117" hits="3"/><line number="120" hits="0"/><line number="125" hits="0"/><line number="126" hits="0"/><line number="127" hits="0"/><line number="128" hits="0"/><line number="129" hits="0"/><line number="130" hits="0"/><line number="131" hits="0"/><line number="132" hits="0"/><line number="135" hits="0"/><line number="137" hits="0"/><line number="141" hits="0"/><line number="143" hits="0"/></lines></class><class name="path_validator" filename="crates/core/src/services/path_validator.rs" line-rate="0.6739130434782609" branch-rate="0" complexity="0"><methods/><lines><line number="8" hits="8"/><line number="10" hits="8"/><line number="19" hits="8"/><line number="21" hits="24"/><line number="22" hits="8"/><line number="23" hits="7"/><line number="27" hits="1"/><line number="28" hits="0"/><line number="29" hits="0"/><line number="30" hits="0"/><line number="32" hits="0"/><line number="34" hits="0"/><line number="35" hits="0"/><line number="39" hits="0"/><line number="40" hits="0"/><line number="43" hits="0"/><line number="47" hits="4"/><line number="48" hits="2"/><line number="50" hits="1"/><line number="52" hits="2"/><line number="53" hits="0"/><line number="56" hits="1"/><line number="64" hits="1"/><line number="65" hits="7"/><line number="66" hits="12"/><line number="67" hits="0"/><line number="71" hits="1"/><line number="78" hits="2"/><line number="79" hits="2"/><line number="80" hits="4"/><line number="81" hits="6"/><line number="82" hits="2"/><line number="83" hits="0"/><line number="84" hits="0"/><line number="85" hits="0"/><line number="86" hits="0"/><line number="90" hits="4"/><line number="91" hits="1"/><line number="92" hits="2"/><line number="93" hits="3"/><line number="94" hits="2"/><line number="95" hits="1"/><line number="96" hits="1"/><line number="97" hits="3"/><line number="99" hits="1"/><line number="104" hits="1"/></lines></class><class name="pii_filter" filename="crates/core/src/services/pii_filter.rs" line-rate="0.8723404255319149" branch-rate="0" complexity="0"><methods/><lines><line number="50" hits="21"/><line number="51" hits="63"/><line number="52" hits="42"/><line number="53" hits="84"/><line number="54" hits="63"/><line number="55" hits="42"/><line number="61" hits="22"/><line number="62" hits="44"/><line number="63" hits="28"/><line number="64" hits="16"/><line number="66" hits="43"/><line number="67" hits="42"/><line number="68" hits="2"/><line number="70" hits="38"/><line number="71" hits="26"/><line number="72" hits="12"/><line number="74" hits="38"/><line number="75" hits="0"/><line number="77" hits="38"/><line number="78" hits="14"/><line number="79" hits="14"/><line number="83" hits="8"/><line number="94" hits="48"/><line number="96" hits="96"/><line number="105" hits="14"/><line number="107" hits="70"/><line number="108" hits="56"/><line number="109" hits="89"/><line number="111" hits="149"/><line number="112" hits="1"/><line number="114" hits="222"/><line number="116" hits="28"/><line number="117" hits="56"/><line number="118" hits="88"/><line number="119" hits="148"/><line number="120" hits="2"/><line number="121" hits="0"/><line number="125" hits="1"/><line number="126" hits="0"/><line number="127" hits="2"/><line number="128" hits="1"/><line number="129" hits="0"/><line number="130" hits="0"/><line number="131" hits="0"/><line number="132" hits="68"/><line number="134" hits="222"/><line number="136" hits="14"/></lines></class><class name="platform_registry" filename="crates/core/src/services/platform_registry.rs" line-rate="0.9180327868852459" branch-rate="0" complexity="0"><methods/><lines><line number="43" hits="2"/><line number="44" hits="2"/><line number="48" hits="16"/><line number="50" hits="24"/><line number="51" hits="16"/><line number="55" hits="22"/><line number="56" hits="14"/><line number="57" hits="1"/><line number="60" hits="17"/><line number="61" hits="10"/><line number="62" hits="2"/><line number="66" hits="10"/><line number="67" hits="1"/><line number="68" hits="8"/><line number="69" hits="3"/><line number="71" hits="6"/><line number="74" hits="2"/><line number="79" hits="8"/><line number="81" hits="18"/><line number="82" hits="2"/><line number="85" hits="7"/><line number="89" hits="4"/><line number="92" hits="4"/><line number="93" hits="4"/><line number="94" hits="8"/><line number="97" hits="9"/><line number="99" hits="3"/><line number="100" hits="2"/><line number="106" hits="2"/><line number="110" hits="5"/><line number="111" hits="2"/><line number="115" hits="12"/><line number="116" hits="8"/><line number="117" hits="0"/><line number="120" hits="10"/><line number="121" hits="6"/><line number="122" hits="2"/><line number="126" hits="28"/><line number="129" hits="6"/><line number="130" hits="2"/><line number="134" hits="4"/><line number="135" hits="8"/><line number="137" hits="2"/><line number="143" hits="1"/><line number="144" hits="3"/><line number="145" hits="2"/><line number="146" hits="0"/><line number="149" hits="3"/><line number="150" hits="2"/><line number="151" hits="0"/><line number="154" hits="10"/><line number="155" hits="1"/><line number="156" hits="0"/><line number="159" hits="3"/><line number="160" hits="4"/><line number="162" hits="1"/><line number="198" hits="55"/><line number="199" hits="110"/><line number="200" hits="110"/><line number="201" hits="165"/><line number="202" hits="0"/><line number="207" hits="110"/><line number="208" hits="5115"/><line number="210" hits="5060"/><line number="211" hits="935"/><line number="213" hits="165"/><line number="215" hits="9790"/><line number="216" hits="9735"/><line number="217" hits="110"/><line number="220" hits="0"/><line number="228" hits="9790"/><line number="230" hits="0"/><line number="233" hits="14685"/><line number="238" hits="24475"/><line number="239" hits="24475"/><line number="240" hits="19580"/><line number="241" hits="29040"/><line number="243" hits="9790"/><line number="244" hits="4895"/><line number="245" hits="4895"/><line number="246" hits="9790"/><line number="247" hits="9790"/><line number="248" hits="9790"/><line number="249" hits="4895"/><line number="250" hits="4895"/><line number="255" hits="55"/><line number="260" hits="4898"/><line number="262" hits="14692"/><line number="263" hits="9794"/><line number="264" hits="1"/><line number="267" hits="14471"/><line number="268" hits="9574"/><line number="269" hits="110"/><line number="273" hits="39730"/><line number="275" hits="9574"/><line number="276" hits="1"/><line number="278" hits="4786"/><line number="283" hits="23"/><line number="284" hits="69"/><line number="288" hits="13"/><line number="289" hits="39"/><line number="290" hits="52"/><line number="291" hits="13"/><line number="295" hits="9"/><line number="301" hits="27"/><line number="302" hits="9"/><line number="305" hits="27"/><line number="309" hits="0"/><line number="314" hits="0"/><line number="320" hits="5"/><line number="321" hits="12"/><line number="322" hits="2"/><line number="325" hits="12"/><line number="326" hits="8"/><line number="327" hits="0"/><line number="330" hits="10"/><line number="331" hits="6"/><line number="332" hits="2"/><line number="335" hits="28"/><line number="336" hits="3"/><line number="337" hits="2"/><line number="340" hits="4"/></lines></class><class name="profile_activation" filename="crates/core/src/services/profile_activation.rs" line-rate="0.7796610169491526" branch-rate="0" complexity="0"><methods/><lines><line number="66" hits="7"/><line number="83" hits="14"/><line number="91" hits="4"/><line number="97" hits="8"/><line number="98" hits="11"/><line number="99" hits="8"/><line number="100" hits="8"/><line number="101" hits="5"/><line number="103" hits="9"/><line number="104" hits="6"/><line number="106" hits="3"/><line number="107" hits="3"/><line number="108" hits="3"/><line number="110" hits="3"/><line number="111" hits="3"/><line number="112" hits="0"/><line number="113" hits="0"/><line number="114" hits="0"/><line number="124" hits="3"/><line number="125" hits="3"/><line number="126" hits="3"/><line number="127" hits="4"/><line number="128" hits="4"/><line number="129" hits="0"/><line number="133" hits="0"/><line number="136" hits="6"/><line number="137" hits="6"/><line number="138" hits="3"/><line number="143" hits="6"/><line number="144" hits="3"/><line number="145" hits="3"/><line number="148" hits="0"/><line number="149" hits="0"/><line number="153" hits="6"/><line number="154" hits="6"/><line number="155" hits="0"/><line number="156" hits="0"/><line number="157" hits="0"/><line number="158" hits="3"/><line number="160" hits="6"/><line number="161" hits="6"/><line number="162" hits="9"/><line number="163" hits="6"/><line number="164" hits="9"/><line number="165" hits="6"/><line number="166" hits="3"/><line number="167" hits="3"/><line number="169" hits="3"/><line number="171" hits="3"/><line number="172" hits="0"/><line number="173" hits="0"/><line number="177" hits="9"/><line number="182" hits="3"/><line number="183" hits="15"/><line number="184" hits="0"/><line number="187" hits="3"/><line number="188" hits="6"/><line number="189" hits="3"/><line number="190" hits="3"/></lines></class><class name="pseudonymizer" filename="crates/core/src/services/pseudonymizer.rs" line-rate="0.96" branch-rate="0" complexity="0"><methods/><lines><line number="38" hits="30"/><line number="40" hits="60"/><line number="41" hits="90"/><line number="42" hits="60"/><line number="50" hits="16"/><line number="51" hits="30"/><line number="52" hits="4"/><line number="54" hits="70"/><line number="55" hits="42"/><line number="56" hits="56"/><line number="57" hits="42"/><line number="58" hits="14"/><line number="69" hits="2"/><line number="71" hits="8"/><line number="76" hits="6"/><line number="77" hits="0"/><line number="79" hits="8"/><line number="85" hits="7"/><line number="86" hits="12"/><line number="87" hits="2"/><line number="89" hits="107"/><line number="92" hits="16"/><line number="93" hits="32"/><line number="94" hits="1"/><line number="96" hits="88"/></lines></class><class name="safety" filename="crates/core/src/services/safety.rs" line-rate="0.8301886792452831" branch-rate="0" complexity="0"><methods/><lines><line number="69" hits="18"/><line number="100" hits="6"/><line number="107" hits="12"/><line number="108" hits="1"/><line number="110" hits="10"/><line number="111" hits="1"/><line number="113" hits="4"/><line number="115" hits="19"/><line number="121" hits="8"/><line number="122" hits="28"/><line number="123" hits="12"/><line number="124" hits="8"/><line number="125" hits="4"/><line number="127" hits="8"/><line number="129" hits="4"/><line number="130" hits="4"/><line number="131" hits="12"/><line number="134" hits="4"/><line number="136" hits="1"/><line number="148" hits="12"/><line number="149" hits="12"/><line number="150" hits="18"/><line number="154" hits="12"/><line number="155" hits="6"/><line number="156" hits="0"/><line number="157" hits="0"/><line number="158" hits="0"/><line number="162" hits="18"/><line number="163" hits="0"/><line number="164" hits="0"/><line number="165" hits="0"/><line number="171" hits="6"/><line number="173" hits="18"/><line number="174" hits="0"/><line number="175" hits="0"/><line number="176" hits="0"/><line number="182" hits="6"/><line number="184" hits="30"/><line number="191" hits="18"/><line number="192" hits="12"/><line number="193" hits="12"/><line number="194" hits="6"/><line number="201" hits="12"/><line number="203" hits="6"/><line number="204" hits="6"/><line number="205" hits="6"/><line number="206" hits="18"/><line number="210" hits="6"/><line number="211" hits="12"/><line number="212" hits="6"/><line number="213" hits="6"/><line number="225" hits="6"/><line number="226" hits="24"/></lines></class><class name="secure_io" filename="crates/core/src/services/secure_io.rs" line-rate="0.7222222222222222" branch-rate="0" complexity="0"><methods/><lines><line number="31" hits="63"/><line number="32" hits="189"/><line number="33" hits="252"/><line number="34" hits="0"/><line number="36" hits="63"/><line number="39" hits="0"/><line number="40" hits="0"/><line number="42" hits="252"/><line number="43" hits="0"/><line number="47" hits="64"/><line number="50" hits="128"/><line number="52" hits="192"/><line number="54" hits="128"/><line number="55" hits="192"/><line number="59" hits="63"/><line number="61" hits="126"/><line number="62" hits="252"/><line number="63" hits="0"/></lines></class><class name="settings_manager" filename="crates/core/src/services/settings_manager.rs" line-rate="0.8285714285714286" branch-rate="0" complexity="0"><methods/><lines><line number="40" hits="16"/><line number="41" hits="32"/><line number="44" hits="16"/><line number="51" hits="16"/><line number="55" hits="16"/><line number="56" hits="16"/><line number="57" hits="19"/><line number="58" hits="3"/><line number="61" hits="0"/><line number="64" hits="39"/><line number="65" hits="2"/><line number="66" hits="6"/><line number="67" hits="0"/><line number="72" hits="6"/><line number="73" hits="0"/><line number="76" hits="22"/><line number="77" hits="33"/><line number="78" hits="11"/><line number="81" hits="26"/><line number="82" hits="1"/><line number="85" hits="2"/><line number="86" hits="1"/><line number="87" hits="1"/><line number="89" hits="1"/><line number="91" hits="2"/><line number="94" hits="52"/><line number="95" hits="26"/><line number="97" hits="13"/><line number="104" hits="8"/><line number="105" hits="18"/><line number="106" hits="18"/><line number="107" hits="24"/><line number="108" hits="12"/><line number="109" hits="6"/><line number="112" hits="21"/><line number="113" hits="42"/><line number="114" hits="21"/><line number="115" hits="20"/><line number="117" hits="9"/><line number="118" hits="9"/><line number="119" hits="6"/><line number="120" hits="3"/><line number="121" hits="3"/><line number="123" hits="3"/><line number="126" hits="42"/><line number="127" hits="18"/><line number="129" hits="3"/><line number="133" hits="18"/><line number="134" hits="36"/><line number="135" hits="54"/><line number="136" hits="0"/><line number="139" hits="72"/><line number="140" hits="0"/><line number="144" hits="54"/><line number="147" hits="4"/><line number="148" hits="4"/><line number="150" hits="12"/><line number="151" hits="4"/><line number="159" hits="1"/><line number="161" hits="3"/><line number="162" hits="7"/><line number="164" hits="0"/><line number="167" hits="3"/><line number="168" hits="0"/><line number="171" hits="1"/><line number="172" hits="3"/><line number="173" hits="1"/><line number="174" hits="0"/><line number="177" hits="2"/><line number="178" hits="0"/><line number="180" hits="1"/><line number="181" hits="2"/><line number="182" hits="4"/><line number="183" hits="0"/><line number="187" hits="3"/><line number="188" hits="1"/><line number="189" hits="2"/><line number="190" hits="3"/><line number="191" hits="0"/><line number="194" hits="3"/><line number="195" hits="1"/><line number="196" hits="0"/><line number="198" hits="1"/><line number="200" hits="2"/><line number="202" hits="1"/><line number="203" hits="0"/><line number="206" hits="2"/><line number="207" hits="0"/><line number="209" hits="1"/><line number="210" hits="4"/><line number="211" hits="5"/><line number="212" hits="0"/><line number="217" hits="1"/><line number="223" hits="1"/><line number="224" hits="1"/><line number="225" hits="3"/><line number="226" hits="0"/><line number="229" hits="3"/><line number="230" hits="1"/><line number="231" hits="3"/><line number="232" hits="0"/><line number="239" hits="1"/><line number="240" hits="2"/><line number="241" hits="0"/><line number="245" hits="1"/></lines></class></classes></package><package name="crates/core/src/models" line-rate="0.9096045197740112" branch-rate="0" complexity="0"><classes><class name="chat" filename="crates/core/src/models/chat.rs" line-rate="0.7647058823529411" branch-rate="0" complexity="0"><methods/><lines><line number="47" hits="17"/><line number="48" hits="17"/><line number="49" hits="8"/><line number="50" hits="1"/><line number="51" hits="4"/><line number="52" hits="1"/><line number="53" hits="1"/><line number="54" hits="2"/><line number="61" hits="6"/><line number="62" hits="6"/><line number="63" hits="5"/><line number="64" hits="1"/><line number="65" hits="0"/><line number="66" hits="0"/><line number="67" hits="0"/><line number="68" hits="0"/><line number="165" hits="21"/><line number="166" hits="63"/><line number="168" hits="63"/><line number="176" hits="42"/><line number="178" hits="42"/><line number="179" hits="42"/><line number="193" hits="0"/><line number="194" hits="0"/><line number="195" hits="0"/><line number="197" hits="0"/><line number="201" hits="0"/><line number="205" hits="0"/><line number="207" hits="0"/><line number="208" hits="0"/><line number="222" hits="1"/><line number="223" hits="2"/><line number="224" hits="1"/><line number="227" hits="6"/><line number="228" hits="24"/><line number="229" hits="12"/><line number="230" hits="6"/><line number="233" hits="3"/><line number="234" hits="6"/><line number="235" hits="3"/><line number="264" hits="7"/><line number="265" hits="21"/><line number="266" hits="63"/><line number="267" hits="3"/><line number="269" hits="4"/><line number="270" hits="8"/><line number="435" hits="7"/><line number="436" hits="21"/><line number="441" hits="1"/><line number="442" hits="3"/><line number="443" hits="1"/></lines></class><class name="encoders" filename="crates/core/src/models/encoders.rs" line-rate="0" branch-rate="0" complexity="0"><methods/><lines><line number="46" hits="0"/><line number="47" hits="0"/><line number="48" hits="0"/><line number="49" hits="0"/><line number="50" hits="0"/><line number="51" hits="0"/><line number="52" hits="0"/><line number="55" hits="0"/><line number="56" hits="0"/><line number="57" hits="0"/><line number="58" hits="0"/><line number="59" hits="0"/><line number="63" hits="0"/><line number="64" hits="0"/></lines></class><class name="output_group" filename="crates/core/src/models/output_group.rs" line-rate="0.8095238095238095" branch-rate="0" complexity="0"><methods/><lines><line number="44" hits="2"/><line number="46" hits="6"/><line number="50" hits="6"/><line number="60" hits="4"/><line number="61" hits="4"/><line number="86" hits="2"/><line number="88" hits="6"/><line number="89" hits="2"/><line number="106" hits="41"/><line number="108" hits="41"/><line number="149" hits="2"/><line number="151" hits="6"/><line number="152" hits="6"/><line number="155" hits="4"/><line number="156" hits="4"/><line number="157" hits="2"/><line number="158" hits="2"/><line number="164" hits="0"/><line number="165" hits="0"/><line number="170" hits="0"/><line number="171" hits="0"/></lines></class><class name="profile" filename="crates/core/src/models/profile.rs" line-rate="0.9428571428571428" branch-rate="0" complexity="0"><methods/><lines><line number="29" hits="12"/><line number="31" hits="36"/><line number="32" hits="36"/><line number="34" hits="12"/><line number="99" hits="22"/><line number="100" hits="65"/><line number="101" hits="21"/><line number="106" hits="0"/><line number="110" hits="0"/><line number="115" hits="5"/><line number="117" hits="15"/><line number="118" hits="5"/><line number="120" hits="9"/><line number="122" hits="4"/><line number="124" hits="1"/><line number="126" hits="6"/><line number="127" hits="6"/><line number="128" hits="3"/><line number="129" hits="3"/><line number="130" hits="31"/><line number="131" hits="3"/><line number="132" hits="3"/><line number="133" hits="3"/><line number="136" hits="7"/><line number="139" hits="10"/><line number="140" hits="5"/><line number="141" hits="5"/><line number="142" hits="13"/><line number="143" hits="5"/><line number="146" hits="15"/><line number="147" hits="5"/><line number="149" hits="13"/><line number="150" hits="17"/><line number="156" hits="15"/><line number="157" hits="15"/></lines></class><class name="profile_settings" filename="crates/core/src/models/profile_settings.rs" line-rate="1" branch-rate="0" complexity="0"><methods/><lines><line number="12" hits="43"/><line number="13" hits="86"/><line number="16" hits="43"/><line number="17" hits="86"/><line number="20" hits="43"/><line number="21" hits="43"/><line number="24" hits="43"/><line number="25" hits="43"/><line number="28" hits="43"/><line number="29" hits="86"/><line number="32" hits="43"/><line number="33" hits="43"/><line number="36" hits="43"/><line number="37" hits="86"/><line number="40" hits="43"/><line number="41" hits="43"/><line number="44" hits="43"/><line number="45" hits="86"/><line number="48" hits="43"/><line number="49" hits="43"/><line number="52" hits="43"/><line number="53" hits="43"/><line number="56" hits="72"/><line number="57" hits="72"/><line number="90" hits="43"/><line number="94" hits="86"/><line number="95" hits="43"/><line number="96" hits="43"/><line number="136" hits="43"/><line number="138" hits="86"/><line number="139" hits="86"/><line number="140" hits="43"/><line number="142" hits="43"/><line number="183" hits="43"/><line number="186" hits="86"/><line number="187" hits="86"/><line number="188" hits="86"/><line number="189" hits="43"/><line number="190" hits="43"/><line number="275" hits="72"/><line number="277" hits="144"/><line number="278" hits="144"/><line number="279" hits="144"/><line number="280" hits="144"/><line number="281" hits="144"/><line number="282" hits="144"/><line number="283" hits="144"/><line number="291" hits="72"/><line number="292" hits="72"/><line number="420" hits="43"/><line number="422" hits="86"/><line number="423" hits="86"/><line number="424" hits="86"/><line number="425" hits="86"/><line number="426" hits="86"/><line number="427" hits="86"/><line number="428" hits="86"/><line number="429" hits="43"/><line number="430" hits="43"/></lines></class><class name="settings" filename="crates/core/src/models/settings.rs" line-rate="1" branch-rate="0" complexity="0"><methods/><lines><line number="8" hits="15"/><line number="9" hits="15"/><line number="72" hits="15"/><line number="75" hits="30"/><line number="76" hits="30"/><line number="79" hits="15"/></lines></class><class name="stream_stats" filename="crates/core/src/models/stream_stats.rs" line-rate="1" branch-rate="0" complexity="0"><methods/><lines><line number="48" hits="24"/><line number="58" hits="23"/><line number="59" hits="46"/><line number="62" hits="47"/><line number="63" hits="3"/><line number="64" hits="1"/><line number="65" hits="1"/><line number="70" hits="47"/><line number="71" hits="3"/><line number="72" hits="1"/><line number="73" hits="1"/><line number="78" hits="57"/><line number="79" hits="31"/><line number="80" hits="10"/><line number="81" hits="10"/><line number="86" hits="47"/><line number="87" hits="3"/><line number="88" hits="3"/><line number="89" hits="1"/><line number="90" hits="1"/><line number="95" hits="54"/><line number="96" hits="22"/><line number="97" hits="7"/><line number="98" hits="7"/><line number="103" hits="47"/><line number="104" hits="3"/><line number="105" hits="1"/><line number="106" hits="1"/><line number="111" hits="49"/><line number="112" hits="7"/><line number="113" hits="2"/><line number="114" hits="2"/><line number="119" hits="47"/><line number="120" hits="3"/><line number="121" hits="1"/><line number="122" hits="1"/><line number="127" hits="47"/><line number="128" hits="3"/><line number="129" hits="1"/><line number="130" hits="1"/><line number="135" hits="47"/><line number="136" hits="3"/><line number="137" hits="1"/><line number="138" hits="1"/><line number="143" hits="47"/><line number="144" hits="3"/><line number="145" hits="1"/><line number="146" hits="1"/><line number="150" hits="47"/><line number="151" hits="3"/><line number="152" hits="1"/><line number="153" hits="1"/><line number="158" hits="47"/><line number="159" hits="3"/><line number="160" hits="1"/><line number="161" hits="1"/><line number="165" hits="47"/><line number="166" hits="3"/><line number="167" hits="1"/><line number="168" hits="1"/><line number="172" hits="23"/><line number="176" hits="322"/><line number="177" hits="1288"/><line number="178" hits="99"/><line number="179" hits="99"/><line number="182" hits="576"/><line number="183" hits="33"/><line number="187" hits="4"/><line number="188" hits="20"/><line number="189" hits="4"/><line number="190" hits="1"/><line number="193" hits="15"/><line number="194" hits="15"/><line number="195" hits="15"/><line number="197" hits="3"/><line number="201" hits="11"/><line number="202" hits="33"/><line number="203" hits="33"/><line number="204" hits="1"/><line number="207" hits="30"/><line number="208" hits="31"/><line number="209" hits="1"/><line number="210" hits="10"/><line number="211" hits="1"/><line number="212" hits="9"/><line number="213" hits="1"/><line number="214" hits="8"/><line number="215" hits="1"/><line number="216" hits="7"/><line number="217" hits="1"/><line number="218" hits="6"/><line number="219" hits="1"/><line number="220" hits="5"/><line number="221" hits="1"/><line number="222" hits="4"/><line number="223" hits="1"/><line number="224" hits="3"/><line number="225" hits="1"/><line number="227" hits="1"/><line number="230" hits="60"/><line number="234" hits="8"/><line number="235" hits="24"/><line number="236" hits="24"/><line number="237" hits="1"/><line number="240" hits="21"/><line number="241" hits="22"/><line number="242" hits="1"/><line number="243" hits="7"/><line number="244" hits="1"/><line number="245" hits="6"/><line number="246" hits="1"/><line number="247" hits="5"/><line number="248" hits="1"/><line number="249" hits="4"/><line number="250" hits="1"/><line number="252" hits="2"/><line number="255" hits="7"/><line number="259" hits="14"/></lines></class><class name="theme" filename="crates/core/src/models/theme.rs" line-rate="1" branch-rate="0" complexity="0"><methods/><lines><line number="16" hits="21"/><line number="17" hits="21"/><line number="18" hits="8"/><line number="19" hits="13"/></lines></class></classes></package><package name="crates/core/src/services/chat_manager" line-rate="0.498812351543943" branch-rate="0" complexity="0"><classes><class name="connection" filename="crates/core/src/services/chat_manager/connection.rs" line-rate="0.12048192771084337" branch-rate="0" complexity="0"><methods/><lines><line number="19" hits="0"/><line number="20" hits="0"/><line number="21" hits="0"/><line number="22" hits="0"/><line number="23" hits="0"/><line number="24" hits="0"/><line number="25" hits="0"/><line number="26" hits="0"/><line number="32" hits="0"/><line number="33" hits="0"/><line number="34" hits="0"/><line number="35" hits="0"/><line number="36" hits="0"/><line number="40" hits="0"/><line number="42" hits="0"/><line number="45" hits="0"/><line number="46" hits="0"/><line number="47" hits="0"/><line number="48" hits="0"/><line number="49" hits="0"/><line number="57" hits="0"/><line number="58" hits="0"/><line number="59" hits="0"/><line number="60" hits="0"/><line number="62" hits="0"/><line number="64" hits="0"/><line number="72" hits="0"/><line number="78" hits="0"/><line number="79" hits="0"/><line number="80" hits="0"/><line number="81" hits="0"/><line number="82" hits="0"/><line number="85" hits="0"/><line number="87" hits="0"/><line number="89" hits="0"/><line number="90" hits="0"/><line number="91" hits="0"/><line number="92" hits="0"/><line number="96" hits="0"/><line number="100" hits="0"/><line number="101" hits="0"/><line number="103" hits="0"/><line number="105" hits="0"/><line number="106" hits="0"/><line number="108" hits="0"/><line number="109" hits="0"/><line number="110" hits="0"/><line number="114" hits="0"/><line number="116" hits="0"/><line number="118" hits="0"/><line number="119" hits="0"/><line number="120" hits="0"/><line number="121" hits="0"/><line number="125" hits="0"/><line number="127" hits="0"/><line number="128" hits="0"/><line number="134" hits="0"/><line number="139" hits="0"/><line number="141" hits="0"/><line number="142" hits="0"/><line number="143" hits="0"/><line number="145" hits="0"/><line number="146" hits="0"/><line number="157" hits="12"/><line number="158" hits="6"/><line number="160" hits="12"/><line number="161" hits="12"/><line number="162" hits="18"/><line number="164" hits="6"/><line number="165" hits="0"/><line number="166" hits="0"/><line number="167" hits="0"/><line number="168" hits="0"/><line number="173" hits="6"/><line number="174" hits="0"/><line number="175" hits="0"/><line number="176" hits="0"/><line number="177" hits="0"/><line number="182" hits="12"/><line number="183" hits="6"/><line number="184" hits="6"/><line number="186" hits="0"/><line number="187" hits="0"/></lines></class><class name="log_writer" filename="crates/core/src/services/chat_manager/log_writer.rs" line-rate="0.4880952380952381" branch-rate="0" complexity="0"><methods/><lines><line number="23" hits="28"/><line number="28" hits="59"/><line number="29" hits="3"/><line number="30" hits="9"/><line number="32" hits="21"/><line number="33" hits="3"/><line number="34" hits="0"/><line number="35" hits="0"/><line number="37" hits="0"/><line number="38" hits="0"/><line number="40" hits="6"/><line number="41" hits="6"/><line number="43" hits="0"/><line number="44" hits="0"/><line number="45" hits="0"/><line number="50" hits="84"/><line number="51" hits="28"/><line number="60" hits="0"/><line number="61" hits="0"/><line number="62" hits="0"/><line number="63" hits="0"/><line number="67" hits="0"/><line number="68" hits="0"/><line number="69" hits="0"/><line number="76" hits="0"/><line number="77" hits="0"/><line number="78" hits="0"/><line number="87" hits="0"/><line number="88" hits="0"/><line number="89" hits="0"/><line number="90" hits="0"/><line number="91" hits="0"/><line number="92" hits="0"/><line number="96" hits="0"/><line number="100" hits="0"/><line number="101" hits="0"/><line number="102" hits="0"/><line number="103" hits="0"/><line number="104" hits="0"/><line number="105" hits="0"/><line number="106" hits="0"/><line number="108" hits="0"/><line number="109" hits="0"/><line number="114" hits="0"/><line number="115" hits="0"/><line number="116" hits="0"/><line number="117" hits="0"/><line number="119" hits="0"/><line number="132" hits="6"/><line number="141" hits="2"/><line number="142" hits="2"/><line number="143" hits="4"/><line number="144" hits="4"/><line number="147" hits="2"/><line number="148" hits="2"/><line number="149" hits="4"/><line number="150" hits="4"/><line number="151" hits="4"/><line number="154" hits="8"/><line number="155" hits="8"/><line number="156" hits="5"/><line number="159" hits="12"/><line number="160" hits="3"/><line number="161" hits="4"/><line number="162" hits="0"/><line number="163" hits="0"/><line number="167" hits="6"/><line number="168" hits="6"/><line number="169" hits="9"/><line number="170" hits="0"/><line number="171" hits="0"/><line number="173" hits="6"/><line number="178" hits="2"/><line number="179" hits="6"/><line number="180" hits="4"/><line number="183" hits="4"/><line number="184" hits="2"/><line number="185" hits="0"/><line number="188" hits="4"/><line number="189" hits="4"/><line number="190" hits="2"/><line number="193" hits="2"/><line number="194" hits="6"/><line number="195" hits="2"/></lines></class><class name="mod" filename="crates/core/src/services/chat_manager/mod.rs" line-rate="0.4657534246575342" branch-rate="0" complexity="0"><methods/><lines><line number="40" hits="0"/><line number="42" hits="0"/><line number="89" hits="28"/><line number="99" hits="84"/><line number="100" hits="84"/><line number="101" hits="84"/><line number="105" hits="112"/><line number="106" hits="112"/><line number="107" hits="112"/><line number="111" hits="84"/><line number="112" hits="112"/><line number="113" hits="112"/><line number="114" hits="112"/><line number="115" hits="112"/><line number="116" hits="84"/><line number="117" hits="84"/><line number="118" hits="28"/><line number="122" hits="56"/><line number="123" hits="56"/><line number="124" hits="112"/><line number="126" hits="28"/><line number="132" hits="9"/><line number="133" hits="9"/><line number="134" hits="18"/><line number="135" hits="0"/><line number="136" hits="0"/><line number="147" hits="9"/><line number="148" hits="9"/><line number="149" hits="18"/><line number="150" hits="0"/><line number="151" hits="0"/><line number="152" hits="0"/><line number="162" hits="0"/><line number="163" hits="0"/><line number="164" hits="0"/><line number="166" hits="0"/><line number="167" hits="0"/><line number="168" hits="0"/><line number="169" hits="0"/><line number="170" hits="0"/><line number="176" hits="0"/><line number="177" hits="0"/><line number="178" hits="0"/><line number="179" hits="0"/><line number="180" hits="0"/><line number="181" hits="0"/><line number="182" hits="0"/><line number="183" hits="0"/><line number="184" hits="0"/><line number="189" hits="0"/><line number="190" hits="0"/><line number="191" hits="0"/><line number="204" hits="0"/><line number="205" hits="0"/><line number="206" hits="0"/><line number="207" hits="0"/><line number="208" hits="0"/><line number="209" hits="0"/><line number="210" hits="0"/><line number="211" hits="0"/><line number="213" hits="0"/><line number="214" hits="0"/><line number="215" hits="0"/><line number="218" hits="0"/><line number="229" hits="28"/><line number="230" hits="112"/><line number="231" hits="56"/><line number="232" hits="28"/><line number="233" hits="28"/><line number="235" hits="168"/><line number="236" hits="252"/><line number="237" hits="84"/><line number="241" hits="28"/></lines></class><class name="send" filename="crates/core/src/services/chat_manager/send.rs" line-rate="0.8292682926829268" branch-rate="0" complexity="0"><methods/><lines><line number="25" hits="5"/><line number="32" hits="15"/><line number="37" hits="7"/><line number="38" hits="6"/><line number="39" hits="8"/><line number="43" hits="8"/><line number="44" hits="8"/><line number="46" hits="9"/><line number="47" hits="15"/><line number="48" hits="5"/><line number="49" hits="3"/><line number="50" hits="2"/><line number="51" hits="1"/><line number="52" hits="3"/><line number="53" hits="1"/><line number="54" hits="1"/><line number="57" hits="1"/><line number="60" hits="9"/><line number="61" hits="1"/><line number="62" hits="0"/><line number="63" hits="0"/><line number="64" hits="0"/><line number="65" hits="0"/><line number="68" hits="0"/><line number="71" hits="6"/><line number="72" hits="0"/><line number="73" hits="0"/><line number="76" hits="3"/><line number="78" hits="9"/><line number="79" hits="6"/><line number="80" hits="3"/><line number="81" hits="3"/><line number="90" hits="12"/><line number="92" hits="14"/><line number="93" hits="6"/><line number="95" hits="4"/><line number="96" hits="3"/><line number="97" hits="3"/><line number="98" hits="1"/><line number="99" hits="1"/><line number="104" hits="4"/></lines></class><class name="settings" filename="crates/core/src/services/chat_manager/settings.rs" line-rate="0.85" branch-rate="0" complexity="0"><methods/><lines><line number="7" hits="8"/><line number="9" hits="8"/><line number="10" hits="12"/><line number="13" hits="12"/><line number="14" hits="16"/><line number="15" hits="4"/><line number="16" hits="16"/><line number="17" hits="4"/><line number="18" hits="16"/><line number="19" hits="4"/><line number="23" hits="2"/><line number="24" hits="3"/><line number="28" hits="6"/><line number="29" hits="18"/><line number="33" hits="28"/><line number="34" hits="28"/><line number="35" hits="42"/><line number="47" hits="2"/><line number="48" hits="1"/><line number="49" hits="2"/><line number="50" hits="2"/><line number="52" hits="2"/><line number="54" hits="2"/><line number="55" hits="2"/><line number="57" hits="1"/><line number="58" hits="1"/><line number="59" hits="0"/><line number="60" hits="0"/><line number="62" hits="0"/><line number="73" hits="2"/><line number="74" hits="1"/><line number="75" hits="2"/><line number="76" hits="3"/><line number="79" hits="2"/><line number="80" hits="2"/><line number="82" hits="1"/><line number="83" hits="1"/><line number="84" hits="0"/><line number="85" hits="0"/><line number="87" hits="0"/></lines></class><class name="status" filename="crates/core/src/services/chat_manager/status.rs" line-rate="0.57" branch-rate="0" complexity="0"><methods/><lines><line number="16" hits="6"/><line number="20" hits="12"/><line number="21" hits="12"/><line number="22" hits="7"/><line number="23" hits="4"/><line number="24" hits="4"/><line number="27" hits="6"/><line number="32" hits="28"/><line number="33" hits="84"/><line number="34" hits="84"/><line number="35" hits="84"/><line number="36" hits="84"/><line number="37" hits="84"/><line number="38" hits="84"/><line number="39" hits="84"/><line number="41" hits="59"/><line number="44" hits="9"/><line number="45" hits="9"/><line number="47" hits="3"/><line number="48" hits="6"/><line number="49" hits="3"/><line number="52" hits="6"/><line number="53" hits="3"/><line number="55" hits="25"/><line number="56" hits="12"/><line number="57" hits="1"/><line number="59" hits="12"/><line number="60" hits="12"/><line number="61" hits="3"/><line number="62" hits="0"/><line number="63" hits="0"/><line number="73" hits="12"/><line number="79" hits="3"/><line number="80" hits="9"/><line number="81" hits="3"/><line number="84" hits="9"/><line number="85" hits="9"/><line number="87" hits="0"/><line number="91" hits="3"/><line number="92" hits="6"/><line number="94" hits="0"/><line number="95" hits="0"/><line number="96" hits="0"/><line number="97" hits="0"/><line number="98" hits="0"/><line number="99" hits="0"/><line number="101" hits="0"/><line number="102" hits="0"/><line number="103" hits="0"/><line number="105" hits="0"/><line number="106" hits="0"/><line number="108" hits="0"/><line number="109" hits="0"/><line number="111" hits="0"/><line number="114" hits="0"/><line number="117" hits="0"/><line number="118" hits="0"/><line number="119" hits="0"/><line number="120" hits="0"/><line number="121" hits="0"/><line number="122" hits="0"/><line number="123" hits="0"/><line number="125" hits="0"/><line number="127" hits="0"/><line number="138" hits="0"/><line number="140" hits="0"/><line number="143" hits="84"/><line number="147" hits="28"/><line number="152" hits="28"/><line number="153" hits="84"/><line number="154" hits="84"/><line number="155" hits="84"/><line number="157" hits="59"/><line number="158" hits="9"/><line number="159" hits="9"/><line number="162" hits="12"/><line number="164" hits="3"/><line number="165" hits="6"/><line number="166" hits="3"/><line number="167" hits="3"/><line number="168" hits="3"/><line number="169" hits="0"/><line number="171" hits="3"/><line number="174" hits="6"/><line number="176" hits="3"/><line number="177" hits="0"/><line number="178" hits="0"/><line number="179" hits="0"/><line number="181" hits="0"/><line number="182" hits="0"/><line number="183" hits="0"/><line number="184" hits="0"/><line number="186" hits="0"/><line number="188" hits="0"/><line number="189" hits="0"/><line number="191" hits="0"/><line number="192" hits="0"/><line number="194" hits="0"/><line number="200" hits="84"/><line number="201" hits="28"/></lines></class></classes></package><package name="crates/core/src/services/encryption" line-rate="0.8476190476190476" branch-rate="0" complexity="0"><classes><class name="kdf" filename="crates/core/src/services/encryption/kdf.rs" line-rate="1" branch-rate="0" complexity="0"><methods/><lines><line number="14" hits="15"/><line number="18" hits="45"/><line number="24" hits="15"/><line number="26" hits="15"/><line number="28" hits="75"/><line number="30" hits="15"/><line number="31" hits="60"/><line number="32" hits="15"/><line number="34" hits="15"/></lines></class><class name="machine_key" filename="crates/core/src/services/encryption/machine_key.rs" line-rate="0.828125" branch-rate="0" complexity="0"><methods/><lines><line number="19" hits="41"/><line number="22" hits="82"/><line number="28" hits="51"/><line number="29" hits="202"/><line number="30" hits="3"/><line number="33" hits="144"/><line number="34" hits="192"/><line number="35" hits="144"/><line number="40" hits="35"/><line number="44" hits="68"/><line number="45" hits="99"/><line number="46" hits="99"/><line number="47" hits="4"/><line number="48" hits="6"/><line number="49" hits="6"/><line number="51" hits="0"/><line number="56" hits="240"/><line number="57" hits="956"/><line number="62" hits="0"/><line number="63" hits="0"/><line number="67" hits="0"/><line number="68" hits="0"/><line number="72" hits="0"/><line number="73" hits="0"/><line number="84" hits="8"/><line number="88" hits="24"/><line number="89" hits="24"/><line number="93" hits="4"/><line number="97" hits="4"/><line number="98" hits="0"/><line number="99" hits="0"/><line number="102" hits="12"/><line number="103" hits="12"/><line number="104" hits="12"/><line number="105" hits="4"/><line number="106" hits="12"/><line number="107" hits="4"/><line number="108" hits="12"/><line number="109" hits="4"/><line number="117" hits="140"/><line number="120" hits="420"/><line number="130" hits="140"/><line number="131" hits="280"/><line number="132" hits="280"/><line number="138" hits="280"/><line number="140" hits="420"/><line number="143" hits="85"/><line number="144" hits="55"/><line number="146" hits="110"/><line number="147" hits="220"/><line number="148" hits="165"/><line number="149" hits="55"/><line number="152" hits="110"/><line number="157" hits="165"/><line number="158" hits="110"/><line number="159" hits="110"/><line number="160" hits="55"/><line number="162" hits="340"/><line number="166" hits="0"/><line number="169" hits="170"/><line number="170" hits="85"/><line number="171" hits="85"/><line number="172" hits="0"/><line number="173" hits="0"/><line number="174" hits="0"/><line number="180" hits="170"/><line number="181" hits="255"/><line number="182" hits="85"/><line number="188" hits="255"/><line number="189" hits="170"/><line number="190" hits="170"/><line number="191" hits="85"/><line number="193" hits="0"/><line number="197" hits="0"/><line number="199" hits="0"/><line number="237" hits="59"/><line number="241" hits="118"/><line number="242" hits="236"/><line number="244" hits="177"/><line number="245" hits="59"/><line number="246" hits="177"/><line number="248" hits="118"/><line number="249" hits="177"/><line number="250" hits="59"/><line number="252" hits="177"/><line number="253" hits="177"/><line number="254" hits="177"/><line number="255" hits="59"/><line number="258" hits="36"/><line number="262" hits="72"/><line number="263" hits="72"/><line number="264" hits="36"/><line number="266" hits="36"/><line number="267" hits="0"/><line number="268" hits="0"/><line number="269" hits="0"/><line number="273" hits="108"/><line number="274" hits="108"/><line number="275" hits="36"/><line number="276" hits="108"/><line number="278" hits="72"/><line number="279" hits="108"/><line number="280" hits="36"/><line number="282" hits="144"/><line number="283" hits="36"/><line number="285" hits="72"/><line number="286" hits="72"/><line number="287" hits="36"/><line number="290" hits="2"/><line number="294" hits="4"/><line number="295" hits="4"/><line number="296" hits="2"/><line number="298" hits="2"/><line number="299" hits="0"/><line number="300" hits="0"/><line number="301" hits="0"/><line number="305" hits="6"/><line number="306" hits="6"/><line number="307" hits="2"/><line number="308" hits="6"/><line number="310" hits="4"/><line number="311" hits="6"/><line number="312" hits="2"/><line number="314" hits="8"/><line number="315" hits="2"/><line number="317" hits="4"/><line number="318" hits="4"/><line number="319" hits="2"/></lines></class><class name="mod" filename="crates/core/src/services/encryption/mod.rs" line-rate="1" branch-rate="0" complexity="0"><methods/><lines><line number="78" hits="1"/><line number="80" hits="1"/></lines></class><class name="password" filename="crates/core/src/services/encryption/password.rs" line-rate="0.9090909090909091" branch-rate="0" complexity="0"><methods/><lines><line number="17" hits="7"/><line number="18" hits="14"/><line number="19" hits="28"/><line number="20" hits="28"/><line number="22" hits="28"/><line number="24" hits="21"/><line number="25" hits="7"/><line number="26" hits="21"/><line number="28" hits="14"/><line number="29" hits="21"/><line number="30" hits="7"/><line number="32" hits="28"/><line number="33" hits="21"/><line number="34" hits="21"/><line number="35" hits="21"/><line number="37" hits="7"/><line number="44" hits="1"/><line number="45" hits="2"/><line number="46" hits="0"/><line number="47" hits="0"/><line number="51" hits="2"/><line number="52" hits="2"/><line number="53" hits="2"/><line number="55" hits="4"/><line number="57" hits="1"/><line number="58" hits="3"/><line number="59" hits="3"/><line number="61" hits="1"/><line number="62" hits="3"/><line number="63" hits="1"/><line number="69" hits="6"/><line number="70" hits="12"/><line number="71" hits="0"/><line number="72" hits="0"/><line number="76" hits="12"/><line number="77" hits="12"/><line number="78" hits="12"/><line number="80" hits="24"/><line number="82" hits="18"/><line number="83" hits="6"/><line number="84" hits="18"/><line number="86" hits="6"/><line number="87" hits="18"/><line number="88" hits="6"/></lines></class><class name="rotation" filename="crates/core/src/services/encryption/rotation.rs" line-rate="0.8396624472573839" branch-rate="0" complexity="0"><methods/><lines><line number="45" hits="4"/><line number="50" hits="4"/><line number="54" hits="12"/><line number="55" hits="4"/><line number="57" hits="12"/><line number="59" hits="10"/><line number="60" hits="18"/><line number="61" hits="30"/><line number="62" hits="9"/><line number="64" hits="16"/><line number="71" hits="12"/><line number="72" hits="10"/><line number="73" hits="30"/><line number="74" hits="3"/><line number="76" hits="6"/><line number="78" hits="9"/><line number="81" hits="6"/><line number="82" hits="3"/><line number="83" hits="2"/><line number="84" hits="1"/><line number="85" hits="1"/><line number="87" hits="2"/><line number="92" hits="8"/><line number="96" hits="3"/><line number="97" hits="1"/><line number="102" hits="6"/><line number="105" hits="6"/><line number="108" hits="4"/><line number="110" hits="6"/><line number="111" hits="4"/><line number="112" hits="4"/><line number="117" hits="6"/><line number="118" hits="24"/><line number="119" hits="2"/><line number="121" hits="3"/><line number="130" hits="5"/><line number="131" hits="0"/><line number="135" hits="5"/><line number="137" hits="12"/><line number="139" hits="4"/><line number="140" hits="3"/><line number="141" hits="3"/><line number="142" hits="3"/><line number="143" hits="3"/><line number="145" hits="1"/><line number="146" hits="1"/><line number="148" hits="0"/><line number="151" hits="1"/><line number="152" hits="3"/><line number="153" hits="1"/><line number="154" hits="2"/><line number="155" hits="1"/><line number="156" hits="1"/><line number="157" hits="1"/><line number="165" hits="2"/><line number="168" hits="3"/><line number="171" hits="2"/><line number="173" hits="1"/><line number="177" hits="1"/><line number="178" hits="2"/><line number="179" hits="2"/><line number="180" hits="1"/><line number="181" hits="1"/><line number="189" hits="3"/><line number="193" hits="6"/><line number="194" hits="9"/><line number="195" hits="0"/><line number="196" hits="0"/><line number="198" hits="0"/><line number="205" hits="3"/><line number="209" hits="12"/><line number="210" hits="0"/><line number="213" hits="12"/><line number="214" hits="9"/><line number="217" hits="2"/><line number="218" hits="4"/><line number="219" hits="4"/><line number="222" hits="1"/><line number="223" hits="3"/><line number="224" hits="3"/><line number="227" hits="1"/><line number="228" hits="3"/><line number="230" hits="1"/><line number="231" hits="0"/><line number="234" hits="3"/><line number="235" hits="1"/><line number="236" hits="2"/><line number="241" hits="3"/><line number="242" hits="4"/><line number="244" hits="2"/><line number="245" hits="69"/><line number="246" hits="4"/><line number="248" hits="3"/><line number="250" hits="1"/><line number="253" hits="2"/><line number="254" hits="6"/><line number="255" hits="6"/><line number="256" hits="8"/><line number="257" hits="6"/><line number="259" hits="2"/><line number="261" hits="4"/><line number="262" hits="2"/><line number="267" hits="4"/><line number="268" hits="8"/><line number="269" hits="2"/><line number="270" hits="6"/><line number="271" hits="2"/><line number="274" hits="6"/><line number="275" hits="2"/><line number="277" hits="8"/><line number="278" hits="12"/><line number="279" hits="20"/><line number="280" hits="5"/><line number="281" hits="8"/><line number="282" hits="12"/><line number="283" hits="16"/><line number="284" hits="0"/><line number="285" hits="0"/><line number="286" hits="0"/><line number="289" hits="4"/><line number="295" hits="2"/><line number="296" hits="2"/><line number="299" hits="1"/><line number="300" hits="3"/><line number="302" hits="1"/><line number="304" hits="3"/><line number="305" hits="1"/><line number="307" hits="4"/><line number="308" hits="6"/><line number="309" hits="10"/><line number="310" hits="2"/><line number="311" hits="4"/><line number="312" hits="2"/><line number="317" hits="3"/><line number="318" hits="1"/><line number="320" hits="4"/><line number="321" hits="6"/><line number="322" hits="4"/><line number="323" hits="6"/><line number="324" hits="8"/><line number="325" hits="0"/><line number="326" hits="0"/><line number="327" hits="0"/><line number="333" hits="1"/><line number="334" hits="1"/><line number="337" hits="1"/><line number="338" hits="3"/><line number="340" hits="1"/><line number="341" hits="0"/><line number="344" hits="3"/><line number="345" hits="1"/><line number="347" hits="3"/><line number="349" hits="3"/><line number="350" hits="3"/><line number="353" hits="1"/><line number="355" hits="2"/><line number="356" hits="0"/><line number="357" hits="0"/><line number="358" hits="0"/><line number="359" hits="0"/><line number="360" hits="0"/><line number="364" hits="1"/><line number="369" hits="3"/><line number="373" hits="3"/><line number="374" hits="9"/><line number="375" hits="3"/><line number="376" hits="0"/><line number="377" hits="0"/><line number="380" hits="6"/><line number="381" hits="6"/><line number="382" hits="3"/><line number="383" hits="9"/><line number="384" hits="0"/><line number="385" hits="0"/><line number="387" hits="0"/><line number="388" hits="0"/><line number="389" hits="0"/><line number="390" hits="0"/><line number="401" hits="1"/><line number="410" hits="4"/><line number="411" hits="3"/><line number="412" hits="1"/><line number="413" hits="4"/><line number="414" hits="1"/><line number="416" hits="5"/><line number="418" hits="3"/><line number="419" hits="1"/><line number="420" hits="4"/><line number="421" hits="3"/><line number="422" hits="3"/><line number="423" hits="3"/><line number="424" hits="3"/><line number="426" hits="1"/><line number="432" hits="3"/><line number="439" hits="3"/><line number="440" hits="9"/><line number="441" hits="3"/><line number="442" hits="9"/><line number="443" hits="4"/><line number="444" hits="13"/><line number="446" hits="10"/><line number="448" hits="6"/><line number="449" hits="2"/><line number="450" hits="6"/><line number="452" hits="2"/><line number="460" hits="3"/><line number="465" hits="6"/><line number="467" hits="6"/><line number="468" hits="6"/><line number="469" hits="6"/><line number="470" hits="12"/><line number="471" hits="12"/><line number="472" hits="3"/><line number="478" hits="9"/><line number="479" hits="6"/><line number="480" hits="6"/><line number="481" hits="3"/><line number="482" hits="3"/><line number="484" hits="15"/><line number="485" hits="12"/><line number="486" hits="0"/><line number="487" hits="0"/><line number="488" hits="0"/><line number="493" hits="9"/><line number="494" hits="3"/><line number="495" hits="3"/><line number="497" hits="6"/><line number="498" hits="0"/><line number="500" hits="0"/><line number="501" hits="0"/><line number="502" hits="0"/><line number="504" hits="6"/><line number="505" hits="0"/><line number="507" hits="0"/><line number="508" hits="0"/><line number="509" hits="0"/><line number="513" hits="3"/></lines></class></classes></package><package name="crates/core/src/services/oauth" line-rate="0.48099415204678364" branch-rate="0" complexity="0"><classes><class name="config" filename="crates/core/src/services/oauth/config.rs" line-rate="0.7272727272727273" branch-rate="0" complexity="0"><methods/><lines><line number="36" hits="2"/><line number="37" hits="2"/><line number="40" hits="2"/><line number="41" hits="2"/><line number="44" hits="7"/><line number="45" hits="11"/><line number="46" hits="12"/><line number="47" hits="4"/><line number="48" hits="4"/><line number="51" hits="5"/><line number="52" hits="0"/><line number="53" hits="0"/><line number="54" hits="0"/><line number="57" hits="10"/><line number="60" hits="5"/><line number="61" hits="8"/><line number="62" hits="9"/><line number="63" hits="3"/><line number="64" hits="3"/><line number="67" hits="2"/><line number="68" hits="0"/><line number="69" hits="0"/><line number="70" hits="0"/><line number="73" hits="2"/><line number="76" hits="4"/><line number="77" hits="6"/><line number="78" hits="6"/><line number="79" hits="2"/><line number="80" hits="4"/><line number="83" hits="2"/><line number="84" hits="0"/><line number="85" hits="0"/><line number="86" hits="0"/><line number="89" hits="4"/><line number="93" hits="4"/><line number="94" hits="6"/><line number="95" hits="6"/><line number="96" hits="2"/><line number="97" hits="2"/><line number="100" hits="2"/><line number="101" hits="0"/><line number="102" hits="0"/><line number="103" hits="0"/><line number="106" hits="2"/><line number="109" hits="2"/><line number="110" hits="2"/><line number="113" hits="5"/><line number="114" hits="7"/><line number="115" hits="6"/><line number="116" hits="2"/><line number="117" hits="4"/><line number="120" hits="3"/><line number="121" hits="0"/><line number="122" hits="0"/><line number="123" hits="0"/><line number="126" hits="6"/><line number="132" hits="5"/><line number="133" hits="7"/><line number="134" hits="6"/><line number="135" hits="2"/><line number="136" hits="2"/><line number="139" hits="3"/><line number="140" hits="0"/><line number="141" hits="0"/><line number="142" hits="0"/><line number="145" hits="3"/><line number="148" hits="2"/><line number="149" hits="2"/><line number="152" hits="4"/><line number="153" hits="6"/><line number="154" hits="6"/><line number="155" hits="2"/><line number="156" hits="4"/><line number="159" hits="2"/><line number="160" hits="0"/><line number="161" hits="0"/><line number="162" hits="0"/><line number="165" hits="4"/><line number="171" hits="5"/><line number="172" hits="7"/><line number="173" hits="6"/><line number="174" hits="2"/><line number="175" hits="2"/><line number="178" hits="3"/><line number="179" hits="0"/><line number="180" hits="0"/><line number="181" hits="0"/><line number="184" hits="3"/></lines></class><class name="flow" filename="crates/core/src/services/oauth/flow.rs" line-rate="0.5" branch-rate="0" complexity="0"><methods/><lines><line number="49" hits="5"/><line number="52" hits="5"/><line number="53" hits="10"/><line number="54" hits="5"/><line number="58" hits="0"/><line number="59" hits="0"/><line number="60" hits="0"/><line number="63" hits="0"/><line number="64" hits="0"/><line number="68" hits="14"/><line number="69" hits="14"/><line number="70" hits="14"/><line number="71" hits="14"/><line number="75" hits="8"/><line number="83" hits="24"/><line number="85" hits="16"/><line number="86" hits="8"/><line number="87" hits="8"/><line number="88" hits="8"/><line number="89" hits="8"/><line number="90" hits="8"/><line number="93" hits="18"/><line number="94" hits="20"/><line number="95" hits="15"/><line number="98" hits="10"/><line number="99" hits="8"/><line number="100" hits="6"/><line number="103" hits="10"/><line number="104" hits="6"/><line number="107" hits="16"/><line number="109" hits="176"/><line number="113" hits="8"/><line number="119" hits="14"/><line number="120" hits="14"/><line number="122" hits="14"/><line number="124" hits="22"/><line number="125" hits="8"/><line number="126" hits="2"/><line number="127" hits="2"/><line number="128" hits="1"/><line number="130" hits="7"/><line number="131" hits="2"/><line number="132" hits="2"/><line number="133" hits="1"/><line number="135" hits="7"/><line number="136" hits="4"/><line number="137" hits="4"/><line number="138" hits="2"/><line number="140" hits="4"/><line number="141" hits="2"/><line number="142" hits="2"/><line number="143" hits="1"/><line number="145" hits="2"/><line number="148" hits="10"/><line number="150" hits="10"/><line number="151" hits="10"/><line number="153" hits="15"/><line number="156" hits="6"/><line number="158" hits="6"/><line number="161" hits="3"/><line number="163" hits="1"/><line number="166" hits="15"/><line number="167" hits="9"/><line number="168" hits="3"/><line number="170" hits="2"/><line number="173" hits="15"/><line number="174" hits="15"/><line number="176" hits="5"/><line number="177" hits="5"/><line number="178" hits="5"/><line number="179" hits="5"/><line number="180" hits="5"/><line number="181" hits="10"/><line number="184" hits="15"/><line number="185" hits="15"/><line number="186" hits="10"/><line number="188" hits="0"/><line number="190" hits="5"/><line number="196" hits="15"/><line number="197" hits="15"/><line number="199" hits="10"/><line number="200" hits="5"/><line number="204" hits="10"/><line number="205" hits="20"/><line number="208" hits="10"/><line number="209" hits="0"/><line number="210" hits="5"/><line number="211" hits="3"/><line number="213" hits="2"/><line number="215" hits="5"/><line number="220" hits="5"/><line number="221" hits="10"/><line number="222" hits="5"/><line number="223" hits="5"/><line number="228" hits="2"/><line number="234" hits="0"/><line number="235" hits="4"/><line number="236" hits="10"/><line number="244" hits="0"/><line number="245" hits="0"/><line number="249" hits="0"/><line number="252" hits="0"/><line number="253" hits="0"/><line number="254" hits="0"/><line number="258" hits="0"/><line number="260" hits="0"/><line number="261" hits="0"/><line number="262" hits="0"/><line number="263" hits="0"/><line number="264" hits="0"/><line number="266" hits="0"/><line number="267" hits="0"/><line number="268" hits="0"/><line number="269" hits="0"/><line number="271" hits="0"/><line number="272" hits="0"/><line number="273" hits="0"/><line number="274" hits="0"/><line number="276" hits="0"/><line number="277" hits="0"/><line number="278" hits="0"/><line number="279" hits="0"/><line number="281" hits="0"/><line number="284" hits="0"/><line number="286" hits="0"/><line number="287" hits="0"/><line number="288" hits="0"/><line number="289" hits="0"/><line number="290" hits="0"/><line number="292" hits="0"/><line number="293" hits="0"/><line number="295" hits="0"/><line number="296" hits="0"/><line number="297" hits="0"/><line number="300" hits="0"/><line number="303
[...]
="88" hits="0"/><line number="89" hits="0"/><line number="90" hits="0"/><line number="91" hits="0"/><line number="92" hits="0"/><line number="93" hits="0"/><line number="94" hits="0"/><line number="97" hits="0"/><line number="99" hits="0"/><line number="101" hits="0"/><line number="103" hits="0"/><line number="104" hits="0"/><line number="105" hits="0"/><line number="106" hits="0"/><line number="107" hits="0"/><line number="110" hits="0"/><line number="111" hits="0"/><line number="112" hits="0"/><line number="113" hits="0"/><line number="114" hits="0"/><line number="121" hits="11"/><line number="122" hits="22"/><line number="123" hits="4"/><line number="124" hits="18"/><line number="125" hits="2"/><line number="126" hits="16"/><line number="127" hits="14"/><line number="129" hits="4"/><line number="130" hits="12"/><line number="131" hits="10"/><line number="132" hits="10"/><line number="134" hits="2"/><line number="135" hits="10"/><line number="136" hits="2"/><line number="137" hits="8"/><line number="139" hits="2"/><line number="140" hits="6"/><line number="141" hits="2"/><line number="143" hits="12"/><line number="144" hits="4"/><line number="149" hits="8"/><line number="150" hits="3"/><line number="152" hits="6"/><line number="160" hits="24"/><line number="162" hits="23"/><line number="163" hits="1"/><line number="164" hits="13"/><line number="165" hits="6"/><line number="167" hits="1"/><line number="171" hits="35"/><line number="173" hits="26"/><line number="174" hits="10"/><line number="175" hits="4"/><line number="177" hits="6"/><line number="178" hits="2"/><line number="180" hits="15"/><line number="181" hits="10"/><line number="184" hits="12"/><line number="185" hits="1"/><line number="188" hits="5"/></lines></class></classes></package><package name="crates/core/src" line-rate="0.6018194541637508" branch-rate="0" complexity="0"><classes><class name="errors" filename="crates/core/src/errors.rs" line-rate="1" branch-rate="0" complexity="0"><methods/><lines><line number="138" hits="23"/><line number="139" hits="23"/><line number="140" hits="1"/><line number="141" hits="1"/><line number="142" hits="1"/><line number="143" hits="1"/><line number="144" hits="1"/><line number="145" hits="1"/><line number="146" hits="1"/><line number="147" hits="1"/><line number="148" hits="2"/><line number="149" hits="1"/><line number="150" hits="1"/><line number="151" hits="1"/><line number="152" hits="1"/><line number="153" hits="1"/><line number="154" hits="1"/><line number="155" hits="1"/><line number="156" hits="1"/><line number="157" hits="1"/><line number="158" hits="1"/><line number="159" hits="1"/><line number="160" hits="1"/><line number="161" hits="1"/><line number="167" hits="1"/><line number="169" hits="1"/><line number="179" hits="1"/><line number="181" hits="2"/></lines></class><class name="registry" filename="crates/core/src/registry.rs" line-rate="0.9701492537313433" branch-rate="0" complexity="0"><methods/><lines><line number="98" hits="4"/><line number="99" hits="12"/><line number="100" hits="0"/><line number="102" hits="12"/><line number="103" hits="0"/><line number="106" hits="20"/><line number="107" hits="20"/><line number="108" hits="12"/><line number="109" hits="8"/><line number="110" hits="8"/><line number="112" hits="12"/><line number="113" hits="8"/><line number="114" hits="4"/><line number="116" hits="12"/><line number="117" hits="20"/><line number="118" hits="20"/><line number="119" hits="24"/><line number="120" hits="16"/><line number="121" hits="20"/><line number="122" hits="12"/><line number="123" hits="8"/><line number="124" hits="8"/><line number="125" hits="8"/><line number="126" hits="8"/><line number="127" hits="4"/><line number="128" hits="4"/><line number="130" hits="12"/><line number="131" hits="8"/><line number="132" hits="4"/><line number="134" hits="12"/><line number="138" hits="12"/><line number="139" hits="8"/><line number="140" hits="8"/><line number="141" hits="8"/><line number="142" hits="8"/><line number="143" hits="8"/><line number="144" hits="4"/><line number="145" hits="8"/><line number="152" hits="12"/><line number="153" hits="12"/><line number="154" hits="12"/><line number="155" hits="4"/><line number="157" hits="12"/><line number="158" hits="8"/><line number="167" hits="12"/><line number="174" hits="12"/><line number="180" hits="12"/><line number="185" hits="12"/><line number="187" hits="4"/><line number="188" hits="8"/><line number="189" hits="8"/><line number="190" hits="8"/><line number="191" hits="8"/><line number="192" hits="8"/><line number="193" hits="8"/><line number="194" hits="8"/><line number="195" hits="8"/><line number="196" hits="8"/><line number="197" hits="8"/><line number="198" hits="8"/><line number="199" hits="8"/><line number="200" hits="8"/><line number="201" hits="8"/><line number="202" hits="8"/><line number="203" hits="4"/><line number="204" hits="4"/><line number="215" hits="8"/></lines></class></classes></package><package name="crates/core/src/models/chat" line-rate="1" branch-rate="0" complexity="0"><classes><class name="credentials" filename="crates/core/src/models/chat/credentials.rs" line-rate="1" branch-rate="0" complexity="0"><methods/><lines><line number="151" hits="6"/><line number="152" hits="6"/><line number="153" hits="6"/><line number="155" hits="3"/><line number="156" hits="2"/><line number="159" hits="1"/><line number="160" hits="1"/><line number="161" hits="3"/><line number="163" hits="2"/><line number="166" hits="3"/><line number="169" hits="6"/><line number="171" hits="3"/><line number="172" hits="2"/><line number="174" hits="4"/><line number="176" hits="2"/><line number="179" hits="1"/><line number="180" hits="1"/><line number="181" hits="1"/><line number="182" hits="3"/><line number="184" hits="2"/><line number="185" hits="5"/><line number="186" hits="3"/><line number="189" hits="1"/><line number="191" hits="4"/><line number="193" hits="3"/><line number="194" hits="2"/><line number="201" hits="2"/><line number="202" hits="2"/><line number="203" hits="3"/><line number="205" hits="2"/><line number="209" hits="1"/><line number="210" hits="1"/><line number="211" hits="3"/><line number="213" hits="2"/><line number="216" hits="3"/><line number="218" hits="3"/><line number="225" hits="2"/><line number="226" hits="2"/><line number="227" hits="3"/><line number="229" hits="2"/><line number="233" hits="1"/><line number="234" hits="1"/><line number="235" hits="3"/><line number="237" hits="2"/><line number="240" hits="3"/><line number="242" hits="3"/></lines></class></classes></package><package name="crates/core/src/services/obs_websocket" line-rate="0.17201166180758018" branch-rate="0" complexity="0"><classes><class name="cascade" filename="crates/core/src/services/obs_websocket/cascade.rs" line-rate="0" branch-rate="0" complexity="0"><methods/><lines><line number="33" hits="0"/><line number="34" hits="0"/><line number="48" hits="0"/><line number="52" hits="0"/><line number="53" hits="0"/><line number="54" hits="0"/><line number="55" hits="0"/><line number="56" hits="0"/><line number="57" hits="0"/><line number="63" hits="0"/><line number="64" hits="0"/><line number="67" hits="0"/><line number="68" hits="0"/><line number="69" hits="0"/><line number="70" hits="0"/><line number="71" hits="0"/><line number="74" hits="0"/><line number="75" hits="0"/><line number="76" hits="0"/><line number="78" hits="0"/><line number="79" hits="0"/><line number="80" hits="0"/><line number="81" hits="0"/><line number="83" hits="0"/><line number="86" hits="0"/><line number="87" hits="0"/><line number="88" hits="0"/><line number="89" hits="0"/><line number="91" hits="0"/><line number="92" hits="0"/><line number="94" hits="0"/><line number="95" hits="0"/><line number="96" hits="0"/><line number="97" hits="0"/><line number="98" hits="0"/><line number="99" hits="0"/><line number="107" hits="0"/><line number="108" hits="0"/><line number="109" hits="0"/><line number="110" hits="0"/><line number="111" hits="0"/><line number="112" hits="0"/><line number="114" hits="0"/><line number="117" hits="0"/><line number="118" hits="0"/><line number="119" hits="0"/><line number="120" hits="0"/><line number="121" hits="0"/><line number="122" hits="0"/><line number="124" hits="0"/><line number="129" hits="0"/><line number="130" hits="0"/><line number="134" hits="0"/><line number="136" hits="0"/><line number="138" hits="0"/><line number="141" hits="0"/><line number="151" hits="0"/><line number="157" hits="0"/><line number="158" hits="0"/><line number="160" hits="0"/><line number="161" hits="0"/><line number="163" hits="0"/><line number="164" hits="0"/><line number="165" hits="0"/><line number="166" hits="0"/><line number="168" hits="0"/><line number="169" hits="0"/><line number="170" hits="0"/><line number="171" hits="0"/><line number="174" hits="0"/><line number="175" hits="0"/><line number="176" hits="0"/><line number="177" hits="0"/><line number="178" hits="0"/><line number="180" hits="0"/><line number="181" hits="0"/><line number="184" hits="0"/><line number="186" hits="0"/><line number="187" hits="0"/><line number="188" hits="0"/><line number="189" hits="0"/><line number="191" hits="0"/><line number="192" hits="0"/><line number="194" hits="0"/><line number="197" hits="0"/><line number="198" hits="0"/><line number="199" hits="0"/><line number="201" hits="0"/><line number="203" hits="0"/><line number="205" hits="0"/><line number="206" hits="0"/><line number="207" hits="0"/><line number="208" hits="0"/><line number="209" hits="0"/><line number="210" hits="0"/><line number="211" hits="0"/><line number="212" hits="0"/><line number="213" hits="0"/><line number="214" hits="0"/><line number="215" hits="0"/><line number="216" hits="0"/><line number="219" hits="0"/><line number="220" hits="0"/><line number="227" hits="0"/><line number="228" hits="0"/><line number="229" hits="0"/><line number="231" hits="0"/><line number="234" hits="0"/><line number="235" hits="0"/><line number="237" hits="0"/><line number="239" hits="0"/><line number="240" hits="0"/><line number="242" hits="0"/><line number="243" hits="0"/></lines></class><class name="commands" filename="crates/core/src/services/obs_websocket/commands.rs" line-rate="0" branch-rate="0" complexity="0"><methods/><lines><line number="7" hits="0"/><line number="8" hits="0"/><line number="9" hits="0"/><line number="12" hits="0"/><line number="13" hits="0"/><line number="16" hits="0"/><line number="17" hits="0"/><line number="18" hits="0"/><line number="20" hits="0"/><line number="21" hits="0"/><line number="23" hits="0"/><line number="28" hits="0"/><line number="29" hits="0"/><line number="30" hits="0"/><line number="31" hits="0"/><line number="32" hits="0"/><line number="35" hits="0"/><line number="36" hits="0"/><line number="37" hits="0"/><line number="39" hits="0"/><line number="40" hits="0"/><line number="42" hits="0"/><line number="50" hits="0"/><line number="51" hits="0"/><line number="52" hits="0"/><line number="53" hits="0"/><line number="54" hits="0"/><line number="55" hits="0"/><line number="58" hits="0"/><line number="59" hits="0"/><line number="60" hits="0"/><line number="62" hits="0"/><line number="63" hits="0"/><line number="65" hits="0"/><line number="66" hits="0"/><line number="67" hits="0"/><line number="68" hits="0"/><line number="70" hits="0"/><line number="71" hits="0"/><line number="72" hits="0"/><line number="73" hits="0"/><line number="76" hits="0"/><line number="77" hits="0"/><line number="78" hits="0"/><line number="82" hits="0"/><line number="83" hits="0"/><line number="85" hits="0"/><line number="86" hits="0"/><line number="89" hits="0"/><line number="90" hits="0"/><line number="91" hits="0"/><line number="93" hits="0"/><line number="94" hits="0"/><line number="95" hits="0"/><line number="97" hits="0"/><line number="98" hits="0"/><line number="99" hits="0"/><line number="101" hits="0"/><line number="103" hits="0"/><line number="104" hits="0"/><line number="106" hits="0"/><line number="109" hits="0"/><line number="111" hits="0"/><line number="121" hits="0"/><line number="124" hits="0"/></lines></class><class name="connection" filename="crates/core/src/services/obs_websocket/connection.rs" line-rate="0.13513513513513514" branch-rate="0" complexity="0"><methods/><lines><line number="17" hits="0"/><line number="24" hits="0"/><line number="25" hits="0"/><line number="26" hits="0"/><line number="27" hits="0"/><line number="28" hits="0"/><line number="29" hits="0"/><line number="30" hits="0"/><line number="31" hits="0"/><line number="33" hits="0"/><line number="34" hits="0"/><line number="35" hits="0"/><line number="37" hits="0"/><line number="38" hits="0"/><line number="40" hits="0"/><line number="41" hits="0"/><line number="42" hits="0"/><line number="43" hits="0"/><line number="45" hits="0"/><line number="46" hits="0"/><line number="47" hits="0"/><line number="49" hits="0"/><line number="50" hits="0"/><line number="51" hits="0"/><line number="58" hits="0"/><line number="62" hits="0"/><line number="72" hits="0"/><line number="73" hits="0"/><line number="74" hits="0"/><line number="75" hits="0"/><line number="77" hits="0"/><line number="82" hits="0"/><line number="83" hits="0"/><line number="84" hits="0"/><line number="87" hits="0"/><line number="89" hits="0"/><line number="90" hits="0"/><line number="91" hits="0"/><line number="92" hits="0"/><line number="96" hits="0"/><line number="97" hits="0"/><line number="98" hits="0"/><line number="99" hits="0"/><line number="100" hits="0"/><line number="103" hits="0"/><line number="106" hits="0"/><line number="109" hits="0"/><line number="111" hits="0"/><line number="112" hits="0"/><line number="113" hits="0"/><line number="114" hits="0"/><line number="115" hits="0"/><line number="116" hits="0"/><line number="119" hits="0"/><line number="122" hits="0"/><line number="123" hits="0"/><line number="124" hits="0"/><line number="125" hits="0"/><line number="126" hits="0"/><line number="127" hits="0"/><line number="131" hits="0"/><line number="132" hits="0"/><line number="133" hits="0"/><line number="134" hits="0"/><line number="136" hits="0"/><line number="141" hits="0"/><line number="142" hits="0"/><line number="145" hits="0"/><line number="146" hits="0"/><line number="148" hits="0"/><line number="149" hits="0"/><line number="150" hits="0"/><line number="151" hits="0"/><line number="152" hits="0"/><line number="156" hits="0"/><line number="158" hits="0"/><line number="160" hits="0"/><line number="161" hits="0"/><line number="162" hits="0"/><line number="165" hits="0"/><line number="166" hits="0"/><line number="167" hits="0"/><line number="170" hits="0"/><line number="172" hits="0"/><line number="173" hits="0"/><line number="174" hits="0"/><line number="178" hits="0"/><line number="183" hits="12"/><line number="184" hits="12"/><line number="187" hits="12"/><line number="188" hits="12"/><line number="192" hits="12"/><line number="193" hits="6"/><line number="194" hits="6"/><line number="195" hits="12"/><line number="196" hits="12"/><line number="197" hits="12"/><line number="200" hits="6"/><line number="202" hits="12"/><line number="204" hits="6"/><line number="205" hits="6"/><line number="209" hits="6"/><line number="213" hits="0"/><line number="214" hits="0"/><line number="215" hits="0"/><line number="217" hits="0"/><line number="224" hits="0"/><line number="225" hits="0"/><line number="226" hits="0"/><line number="227" hits="0"/><line number="229" hits="0"/></lines></class><class name="handler" filename="crates/core/src/services/obs_websocket/handler.rs" line-rate="0.8541666666666666" branch-rate="0" complexity="0"><methods/><lines><line number="56" hits="21"/><line number="61" hits="42"/><line number="62" hits="42"/><line number="63" hits="21"/><line number="64" hits="0"/><line number="67" hits="42"/><line number="68" hits="21"/><line number="69" hits="0"/><line number="76" hits="25"/><line number="77" hits="50"/><line number="79" hits="100"/><line number="80" hits="100"/><line number="81" hits="100"/><line number="84" hits="75"/><line number="85" hits="100"/><line number="86" hits="100"/><line number="87" hits="50"/><line number="94" hits="4"/><line number="95" hits="4"/><line number="96" hits="8"/><line number="97" hits="0"/><line number="98" hits="0"/><line number="105" hits="4"/><line number="106" hits="8"/><line number="107" hits="4"/><line number="113" hits="8"/><line number="114" hits="16"/><line number="115" hits="8"/><line number="118" hits="14"/><line number="119" hits="14"/><line number="120" hits="14"/><line number="123" hits="6"/><line number="124" hits="9"/><line number="127" hits="6"/><line number="128" hits="9"/><line number="131" hits="0"/><line number="132" hits="0"/><line number="133" hits="0"/><line number="136" hits="16"/><line number="137" hits="16"/><line number="140" hits="8"/><line number="141" hits="12"/><line number="142" hits="2"/><line number="143" hits="4"/><line number="148" hits="8"/><line number="149" hits="12"/><line number="150" hits="2"/><line number="151" hits="4"/></lines></class><class name="mod" filename="crates/core/src/services/obs_websocket/mod.rs" line-rate="0" branch-rate="0" complexity="0"><methods/><lines><line number="29" hits="0"/><line number="31" hits="0"/></lines></class><class name="types" filename="crates/core/src/services/obs_websocket/types.rs" line-rate="1" branch-rate="0" complexity="0"><methods/><lines><line number="65" hits="25"/><line number="67" hits="75"/><line number="69" hits="25"/></lines></class></classes></package><package name="crates/core/src/services/secret_store" line-rate="0.6129032258064516" branch-rate="0" complexity="0"><classes><class name="encrypted_file_store" filename="crates/core/src/services/secret_store/encrypted_file_store.rs" line-rate="0.9047619047619048" branch-rate="0" complexity="0"><methods/><lines><line number="31" hits="25"/><line number="35" hits="27"/><line number="36" hits="27"/><line number="39" hits="8"/><line number="40" hits="24"/><line number="41" hits="24"/><line number="42" hits="0"/><line number="47" hits="16"/><line number="48" hits="16"/><line number="50" hits="8"/><line number="53" hits="19"/><line number="54" hits="38"/><line number="55" hits="76"/><line number="56" hits="38"/><line number="57" hits="76"/><line number="58" hits="57"/><line number="59" hits="57"/><line number="65" hits="6"/><line number="71" hits="0"/><line number="77" hits="8"/><line number="84" hits="3"/></lines></class><class name="keyring_store" filename="crates/core/src/services/secret_store/keyring_store.rs" line-rate="0" branch-rate="0" complexity="0"><methods/><lines><line number="23" hits="0"/><line number="24" hits="0"/><line number="27" hits="0"/><line number="32" hits="0"/><line number="35" hits="0"/><line number="37" hits="0"/><line number="43" hits="0"/><line number="44" hits="0"/><line number="50" hits="0"/><line number="53" hits="0"/><line number="59" hits="0"/><line number="68" hits="0"/><line number="71" hits="0"/><line number="75" hits="0"/><line number="78" hits="0"/><line number="81" hits="0"/></lines></class><class name="mod" filename="crates/core/src/services/secret_store/mod.rs" line-rate="0.76" branch-rate="0" complexity="0"><methods/><lines><line number="47" hits="4"/><line number="51" hits="12"/><line number="52" hits="4"/><line number="53" hits="4"/><line number="54" hits="0"/><line number="56" hits="12"/><line number="64" hits="10"/><line number="65" hits="48"/><line number="66" hits="11"/><line number="67" hits="13"/><line number="68" hits="2"/><line number="76" hits="2"/><line number="81" hits="4"/><line number="82" hits="8"/><line number="83" hits="6"/><line number="84" hits="6"/><line number="88" hits="2"/><line number="89" hits="2"/><line number="92" hits="2"/><line number="93" hits="2"/><line number="95" hits="0"/><line number="98" hits="0"/><line number="100" hits="0"/><line number="101" hits="0"/><line number="102" hits="0"/></lines></class></classes></package></packages></coverage>