TN:
SF:src/clientConfig.ts
FN:37,kindForStatus
FN:59,toApiError
FN:60,(anonymous_2)
FN:93,configureGeneratedClient
FN:106,(anonymous_4)
FN:113,(anonymous_5)
FNF:6
FNH:5
FNDA:9,kindForStatus
FNDA:12,toApiError
FNDA:0,(anonymous_2)
FNDA:2,configureGeneratedClient
FNDA:2,(anonymous_4)
FNDA:2,(anonymous_5)
DA:38,9
DA:40,1
DA:42,1
DA:44,1
DA:46,1
DA:48,1
DA:50,4
DA:60,12
DA:62,12
DA:63,4
DA:64,4
DA:70,12
DA:71,3
DA:72,3
DA:73,3
DA:74,3
DA:75,3
DA:76,3
DA:79,9
DA:82,12
DA:83,12
DA:84,12
DA:87,1
DA:94,2
DA:95,1
DA:97,1
DA:106,1
DA:107,2
DA:113,1
DA:114,2
DA:115,1
DA:117,1
LF:32
LH:32
BRDA:38,0,0,1
BRDA:38,0,1,1
BRDA:38,0,2,1
BRDA:38,0,3,1
BRDA:38,0,4,1
BRDA:38,0,5,4
BRDA:50,1,0,3
BRDA:50,1,1,1
BRDA:62,2,0,4
BRDA:62,2,1,8
BRDA:70,3,0,3
BRDA:70,3,1,9
BRDA:70,4,0,12
BRDA:70,4,1,3
BRDA:70,4,2,3
BRDA:72,5,0,3
BRDA:72,5,1,2
BRDA:80,6,0,9
BRDA:80,6,1,9
BRDA:94,7,0,1
BRDA:94,7,1,1
BRDA:114,8,0,1
BRDA:114,8,1,1
BRF:23
BRH:23
end_of_record
TN:
SF:src/config.ts
FN:27,(anonymous_0)
FN:54,safeFetch
FN:103,(anonymous_2)
FN:124,(anonymous_3)
FN:149,(anonymous_4)
FN:155,(anonymous_5)
FN:188,onBackendBaseUrlChange
FN:193,notifyBaseUrlChange
FN:198,setBackendBaseUrl
FN:203,(anonymous_9)
FN:209,(anonymous_10)
FN:214,(anonymous_11)
FN:233,updateBackendUrl
FN:245,clearBackendUrl
FN:264,checkAuth
FN:293,login
FN:318,getAuthHeaders
FNF:17
FNH:17
FNDA:1,(anonymous_0)
FNDA:10,safeFetch
FNDA:1,(anonymous_2)
FNDA:5,(anonymous_3)
FNDA:14,(anonymous_4)
FNDA:19,(anonymous_5)
FNDA:1,onBackendBaseUrlChange
FNDA:6,notifyBaseUrlChange
FNDA:2,setBackendBaseUrl
FNDA:23,(anonymous_9)
FNDA:8,(anonymous_10)
FNDA:8,(anonymous_11)
FNDA:3,updateBackendUrl
FNDA:1,clearBackendUrl
FNDA:2,checkAuth
FNDA:2,login
FNDA:1,getAuthHeaders
DA:2,9
DA:10,9
DA:14,9
DA:27,9
DA:28,1
DA:31,9
DA:64,10
DA:65,10
DA:67,10
DA:70,9
DA:71,9
DA:77,9
DA:81,9
DA:83,9
DA:84,15
DA:88,15
DA:94,9
DA:95,2
DA:96,2
DA:97,1
DA:98,1
DA:103,1
DA:104,1
DA:106,1
DA:112,8
DA:114,6
DA:116,6
DA:117,1
DA:123,5
DA:124,5
DA:129,6
DA:134,1
DA:137,9
DA:139,9
DA:149,9
DA:150,14
DA:151,14
DA:152,14
DA:155,9
DA:156,19
DA:157,19
DA:158,19
DA:160,0
DA:166,9
DA:181,9
DA:189,1
DA:190,1
DA:194,6
DA:195,6
DA:199,2
DA:200,2
DA:203,9
DA:204,23
DA:205,19
DA:206,19
DA:209,9
DA:210,8
DA:211,8
DA:214,9
DA:215,8
DA:216,8
DA:234,3
DA:236,3
DA:237,3
DA:238,3
DA:246,1
DA:247,1
DA:248,1
DA:265,2
DA:266,2
DA:267,2
DA:272,2
DA:273,1
DA:276,1
DA:277,1
DA:282,0
DA:294,2
DA:295,2
DA:296,2
DA:303,2
DA:305,0
DA:319,1
LF:82
LH:79
BRDA:28,0,0,1
BRDA:28,0,1,1
BRDA:64,1,0,10
BRDA:64,1,1,0
BRDA:64,2,0,0
BRDA:64,2,1,0
BRDA:65,3,0,10
BRDA:65,3,1,2
BRDA:67,4,0,9
BRDA:67,4,1,1
BRDA:78,5,0,9
BRDA:78,5,1,5
BRDA:79,6,0,0
BRDA:79,6,1,5
BRDA:81,7,0,9
BRDA:81,7,1,7
BRDA:88,8,0,0
BRDA:88,8,1,15
BRDA:94,9,0,2
BRDA:94,9,1,7
BRDA:94,10,0,9
BRDA:94,10,1,7
BRDA:94,10,2,2
BRDA:96,11,0,1
BRDA:96,11,1,1
BRDA:98,12,0,1
BRDA:98,12,1,0
BRDA:99,13,0,1
BRDA:99,13,1,1
BRDA:99,13,2,1
BRDA:116,14,0,1
BRDA:116,14,1,5
BRDA:116,15,0,6
BRDA:116,15,1,5
BRDA:150,16,0,0
BRDA:150,16,1,14
BRDA:151,17,0,0
BRDA:151,17,1,14
BRDA:151,18,0,14
BRDA:151,18,1,0
BRDA:156,19,0,0
BRDA:156,19,1,19
BRDA:204,20,0,4
BRDA:204,20,1,19
BRDA:206,21,0,19
BRDA:206,21,1,14
BRDA:206,21,2,14
BRDA:216,22,0,8
BRDA:216,22,1,8
BRDA:234,23,0,0
BRDA:234,23,1,3
BRDA:246,24,0,0
BRDA:246,24,1,1
BRDA:272,25,0,1
BRDA:272,25,1,1
BRDA:278,26,0,1
BRDA:278,26,1,0
BRDA:279,27,0,2
BRDA:279,27,1,0
BRF:59
BRH:45
end_of_record
TN:
SF:src/events.ts
FN:11,(anonymous_0)
FN:18,(anonymous_1)
FN:19,(anonymous_2)
FN:47,notifyConnected
FN:62,notifyDisconnected
FN:68,notifyConnecting
FN:73,notifyAuthRequired
FN:86,buildWsUrl
FN:107,ensureSocket
FN:119,(anonymous_9)
FN:120,(anonymous_10)
FN:129,(anonymous_11)
FN:136,(anonymous_12)
FN:157,(anonymous_13)
FN:187,(anonymous_14)
FN:195,scheduleReconnect
FN:212,(anonymous_16)
FN:214,(anonymous_17)
FN:225,initConnection
FN:227,(anonymous_19)
FN:236,disconnectSocket
FN:251,(anonymous_21)
FN:271,(anonymous_22)
FNF:23
FNH:17
FNDA:14,(anonymous_0)
FNDA:1,(anonymous_1)
FNDA:0,(anonymous_2)
FNDA:6,notifyConnected
FNDA:1,notifyDisconnected
FNDA:6,notifyConnecting
FNDA:1,notifyAuthRequired
FNDA:6,buildWsUrl
FNDA:6,ensureSocket
FNDA:6,(anonymous_9)
FNDA:6,(anonymous_10)
FNDA:6,(anonymous_11)
FNDA:4,(anonymous_12)
FNDA:1,(anonymous_13)
FNDA:0,(anonymous_14)
FNDA:0,scheduleReconnect
FNDA:0,(anonymous_16)
FNDA:0,(anonymous_17)
FNDA:1,initConnection
FNDA:0,(anonymous_19)
FNDA:1,disconnectSocket
FNDA:5,(anonymous_21)
FNDA:1,(anonymous_22)
DA:11,6
DA:12,14
DA:13,14
DA:17,6
DA:18,1
DA:19,0
DA:24,6
DA:30,6
DA:31,6
DA:32,6
DA:33,6
DA:36,6
DA:39,6
DA:40,6
DA:41,6
DA:42,6
DA:45,6
DA:55,6
DA:56,6
DA:57,6
DA:58,6
DA:59,6
DA:63,1
DA:64,1
DA:69,6
DA:70,6
DA:74,1
DA:87,6
DA:88,6
DA:89,6
DA:90,6
DA:91,6
DA:92,6
DA:93,6
DA:94,6
DA:95,6
DA:100,0
DA:104,6
DA:108,6
DA:109,0
DA:112,6
DA:113,0
DA:116,6
DA:118,6
DA:120,6
DA:126,6
DA:127,6
DA:129,6
DA:130,6
DA:131,6
DA:132,6
DA:133,6
DA:136,6
DA:137,4
DA:138,3
DA:139,3
DA:143,3
DA:144,2
DA:145,2
DA:146,1
DA:147,1
DA:150,1
DA:157,6
DA:158,1
DA:159,1
DA:162,1
DA:163,1
DA:164,1
DA:165,1
DA:167,0
DA:170,1
DA:171,0
DA:172,0
DA:177,1
DA:178,0
DA:187,6
DA:188,0
DA:189,0
DA:192,6
DA:196,0
DA:199,0
DA:200,0
DA:201,0
DA:204,0
DA:207,0
DA:212,0
DA:213,0
DA:214,0
DA:215,0
DA:226,1
DA:227,1
DA:237,1
DA:238,1
DA:239,1
DA:240,0
DA:241,0
DA:243,1
DA:244,1
DA:245,1
DA:247,1
DA:250,6
DA:252,5
DA:253,5
DA:254,5
DA:256,5
DA:257,5
DA:261,0
DA:262,0
DA:263,0
DA:264,0
DA:265,0
DA:268,0
DA:271,5
DA:272,1
DA:273,1
DA:274,1
DA:275,1
DA:276,1
DA:280,1
DA:281,1
DA:282,1
LF:121
LH:93
BRDA:12,0,0,14
BRDA:12,0,1,0
BRDA:59,1,0,0
BRDA:59,1,1,6
BRDA:63,2,0,1
BRDA:63,2,1,0
BRDA:88,3,0,6
BRDA:88,3,1,0
BRDA:91,4,0,6
BRDA:91,4,1,0
BRDA:94,5,0,0
BRDA:94,5,1,6
BRDA:108,6,0,0
BRDA:108,6,1,6
BRDA:108,7,0,6
BRDA:108,7,1,0
BRDA:112,8,0,0
BRDA:112,8,1,6
BRDA:137,9,0,1
BRDA:137,9,1,3
BRDA:143,10,0,0
BRDA:143,10,1,3
BRDA:145,11,0,1
BRDA:145,11,1,1
BRDA:145,12,0,2
BRDA:145,12,1,1
BRDA:162,13,0,1
BRDA:162,13,1,0
BRDA:163,14,0,1
BRDA:163,14,1,0
BRDA:170,15,0,0
BRDA:170,15,1,1
BRDA:172,16,0,0
BRDA:172,16,1,0
BRDA:177,17,0,0
BRDA:177,17,1,1
BRDA:177,18,0,1
BRDA:177,18,1,0
BRDA:177,18,2,0
BRDA:196,19,0,0
BRDA:196,19,1,0
BRDA:199,20,0,0
BRDA:199,20,1,0
BRDA:239,21,0,0
BRDA:239,21,1,1
BRDA:243,22,0,1
BRDA:243,22,1,0
BRDA:252,23,0,5
BRDA:252,23,1,5
BRDA:262,24,0,0
BRDA:262,24,1,0
BRDA:264,25,0,0
BRDA:264,25,1,0
BRDA:273,26,0,1
BRDA:273,26,1,0
BRDA:275,27,0,1
BRDA:275,27,1,0
BRDA:280,28,0,1
BRDA:280,28,1,0
BRDA:280,29,0,1
BRDA:280,29,1,1
BRDA:280,29,2,1
BRF:62
BRH:31
end_of_record
TN:
SF:src/validation/chatMessage.ts
FN:34,parseChatMessage
FN:48,parseChatMessages
FNF:2
FNH:2
FNDA:4,parseChatMessage
FNDA:4,parseChatMessages
DA:19,1
DA:35,4
DA:36,1
DA:39,3
DA:40,3
DA:49,4
DA:50,2
DA:52,1
DA:54,2
DA:56,2
DA:57,2
DA:58,2
DA:59,4
DA:60,3
DA:62,1
DA:65,2
DA:67,1
DA:69,2
LF:18
LH:18
BRDA:35,0,0,1
BRDA:35,0,1,3
BRDA:49,1,0,2
BRDA:49,1,1,2
BRDA:50,2,0,1
BRDA:50,2,1,1
BRDA:59,3,0,3
BRDA:59,3,1,1
BRDA:65,4,0,1
BRDA:65,4,1,1
BRF:10
BRH:10
end_of_record
