TN:
SF:src/config.ts
FN:27,(anonymous_0)
FN:54,safeFetch
FN:83,(anonymous_2)
FN:104,(anonymous_3)
FN:124,(anonymous_4)
FN:133,(anonymous_5)
FN:142,(anonymous_6)
FN:147,(anonymous_7)
FN:152,(anonymous_8)
FN:171,updateBackendUrl
FN:182,clearBackendUrl
FN:200,checkAuth
FN:229,login
FN:254,getAuthHeaders
FNF:14
FNH:14
FNDA:1,(anonymous_0)
FNDA:10,safeFetch
FNDA:1,(anonymous_2)
FNDA:5,(anonymous_3)
FNDA:7,(anonymous_4)
FNDA:14,(anonymous_5)
FNDA:14,(anonymous_6)
FNDA:7,(anonymous_7)
FNDA:7,(anonymous_8)
FNDA:2,updateBackendUrl
FNDA:1,clearBackendUrl
FNDA:2,checkAuth
FNDA:2,login
FNDA:1,getAuthHeaders
DA:2,7
DA:10,7
DA:14,7
DA:27,7
DA:28,1
DA:31,7
DA:58,10
DA:60,10
DA:63,9
DA:64,9
DA:66,9
DA:67,15
DA:68,15
DA:74,9
DA:75,2
DA:76,2
DA:77,1
DA:78,1
DA:83,1
DA:84,1
DA:86,1
DA:92,8
DA:94,6
DA:96,6
DA:97,1
DA:103,5
DA:104,5
DA:109,6
DA:114,1
DA:117,7
DA:119,7
DA:124,7
DA:125,7
DA:126,7
DA:128,7
DA:130,7
DA:133,7
DA:134,14
DA:135,14
DA:136,14
DA:138,0
DA:142,7
DA:143,14
DA:144,14
DA:147,7
DA:148,7
DA:149,7
DA:152,7
DA:153,7
DA:154,7
DA:172,2
DA:174,2
DA:175,2
DA:183,1
DA:184,1
DA:201,2
DA:202,2
DA:203,2
DA:208,2
DA:209,1
DA:212,1
DA:213,1
DA:218,0
DA:230,2
DA:231,2
DA:232,2
DA:239,2
DA:241,0
DA:255,1
LF:69
LH:66
BRDA:28,0,0,1
BRDA:28,0,1,1
BRDA:58,1,0,10
BRDA:58,1,1,2
BRDA:60,2,0,9
BRDA:60,2,1,1
BRDA:74,3,0,2
BRDA:74,3,1,7
BRDA:74,4,0,9
BRDA:74,4,1,2
BRDA:76,5,0,1
BRDA:76,5,1,1
BRDA:78,6,0,1
BRDA:78,6,1,0
BRDA:79,7,0,1
BRDA:79,7,1,1
BRDA:79,7,2,1
BRDA:96,8,0,1
BRDA:96,8,1,5
BRDA:125,9,0,0
BRDA:125,9,1,7
BRDA:128,10,0,0
BRDA:128,10,1,7
BRDA:134,11,0,0
BRDA:134,11,1,14
BRDA:144,12,0,14
BRDA:144,12,1,12
BRDA:144,12,2,12
BRDA:154,13,0,7
BRDA:154,13,1,7
BRDA:172,14,0,0
BRDA:172,14,1,2
BRDA:183,15,0,0
BRDA:183,15,1,1
BRDA:208,16,0,1
BRDA:208,16,1,1
BRDA:214,17,0,1
BRDA:214,17,1,0
BRDA:215,18,0,2
BRDA:215,18,1,0
BRF:40
BRH:32
end_of_record
TN:
SF:src/events.ts
FN:8,(anonymous_0)
FN:15,(anonymous_1)
FN:16,(anonymous_2)
FN:44,notifyConnected
FN:59,notifyDisconnected
FN:65,notifyConnecting
FN:70,notifyAuthRequired
FN:74,ensureSocket
FN:105,(anonymous_8)
FN:108,(anonymous_9)
FN:114,(anonymous_10)
FN:132,(anonymous_11)
FN:149,(anonymous_12)
FN:165,scheduleReconnect
FN:182,(anonymous_14)
FN:184,(anonymous_15)
FN:195,initConnection
FN:197,(anonymous_17)
FN:206,disconnectSocket
FN:221,(anonymous_19)
FN:228,(anonymous_20)
FNF:21
FNH:15
FNDA:14,(anonymous_0)
FNDA:1,(anonymous_1)
FNDA:0,(anonymous_2)
FNDA:6,notifyConnected
FNDA:1,notifyDisconnected
FNDA:6,notifyConnecting
FNDA:1,notifyAuthRequired
FNDA:6,ensureSocket
FNDA:6,(anonymous_8)
FNDA:6,(anonymous_9)
FNDA:4,(anonymous_10)
FNDA:1,(anonymous_11)
FNDA:0,(anonymous_12)
FNDA:0,scheduleReconnect
FNDA:0,(anonymous_14)
FNDA:0,(anonymous_15)
FNDA:1,initConnection
FNDA:0,(anonymous_17)
FNDA:1,disconnectSocket
FNDA:5,(anonymous_19)
FNDA:1,(anonymous_20)
DA:8,6
DA:9,14
DA:10,14
DA:14,6
DA:15,1
DA:16,0
DA:21,6
DA:27,6
DA:28,6
DA:29,6
DA:30,6
DA:33,6
DA:36,6
DA:37,6
DA:38,6
DA:39,6
DA:42,6
DA:52,6
DA:53,6
DA:54,6
DA:55,6
DA:56,6
DA:60,1
DA:61,1
DA:66,6
DA:67,6
DA:71,1
DA:75,6
DA:76,0
DA:79,6
DA:80,0
DA:83,6
DA:87,6
DA:90,6
DA:91,6
DA:92,6
DA:94,6
DA:97,6
DA:98,6
DA:99,1
DA:100,1
DA:105,6
DA:106,6
DA:108,6
DA:109,6
DA:110,6
DA:111,6
DA:114,6
DA:115,4
DA:116,3
DA:117,3
DA:121,3
DA:122,2
DA:123,2
DA:124,1
DA:125,1
DA:128,1
DA:132,6
DA:133,1
DA:134,1
DA:137,1
DA:138,1
DA:139,1
DA:140,1
DA:143,0
DA:144,0
DA:145,0
DA:149,6
DA:150,0
DA:151,0
DA:153,0
DA:154,0
DA:155,0
DA:156,0
DA:157,0
DA:162,6
DA:166,0
DA:169,0
DA:170,0
DA:171,0
DA:174,0
DA:177,0
DA:182,0
DA:183,0
DA:184,0
DA:185,0
DA:196,1
DA:197,1
DA:207,1
DA:208,1
DA:209,1
DA:210,0
DA:211,0
DA:213,1
DA:214,1
DA:215,1
DA:217,1
DA:220,6
DA:222,5
DA:223,5
DA:224,5
DA:226,5
DA:228,5
DA:229,1
DA:230,1
DA:231,1
DA:232,1
DA:233,1
DA:237,1
DA:238,1
DA:239,1
LF:111
LH:86
BRDA:9,0,0,14
BRDA:9,0,1,0
BRDA:56,1,0,0
BRDA:56,1,1,6
BRDA:60,2,0,1
BRDA:60,2,1,0
BRDA:75,3,0,0
BRDA:75,3,1,6
BRDA:75,4,0,6
BRDA:75,4,1,0
BRDA:79,5,0,0
BRDA:79,5,1,6
BRDA:90,6,0,6
BRDA:90,6,1,0
BRDA:94,7,0,6
BRDA:94,7,1,0
BRDA:98,8,0,1
BRDA:98,8,1,5
BRDA:99,9,0,0
BRDA:99,9,1,1
BRDA:115,10,0,1
BRDA:115,10,1,3
BRDA:121,11,0,0
BRDA:121,11,1,3
BRDA:123,12,0,1
BRDA:123,12,1,1
BRDA:123,13,0,2
BRDA:123,13,1,1
BRDA:137,14,0,1
BRDA:137,14,1,0
BRDA:137,15,0,1
BRDA:137,15,1,0
BRDA:144,16,0,0
BRDA:144,16,1,0
BRDA:144,17,0,0
BRDA:144,17,1,0
BRDA:150,18,0,0
BRDA:150,18,1,0
BRDA:150,19,0,0
BRDA:150,19,1,0
BRDA:156,20,0,0
BRDA:156,20,1,0
BRDA:156,21,0,0
BRDA:156,21,1,0
BRDA:166,22,0,0
BRDA:166,22,1,0
BRDA:169,23,0,0
BRDA:169,23,1,0
BRDA:209,24,0,0
BRDA:209,24,1,1
BRDA:213,25,0,1
BRDA:213,25,1,0
BRDA:222,26,0,5
BRDA:222,26,1,5
BRDA:230,27,0,1
BRDA:230,27,1,0
BRDA:232,28,0,1
BRDA:232,28,1,0
BRDA:237,29,0,1
BRDA:237,29,1,0
BRDA:237,30,0,1
BRDA:237,30,1,1
BRDA:237,30,2,1
BRF:63
BRH:30
end_of_record
TN:
SF:src/api/_internal.ts
FN:18,fetchTypedJson
FN:114,withConfirmToken
FNF:2
FNH:2
FNDA:13,fetchTypedJson
FNDA:1,withConfirmToken
DA:31,13
DA:32,13
DA:33,13
DA:37,13
DA:39,13
DA:46,13
DA:48,13
DA:49,5
DA:50,5
DA:52,1
DA:56,12
DA:58,8
DA:59,1
DA:60,1
DA:65,1
DA:66,1
DA:67,1
DA:68,1
DA:74,7
DA:87,8
DA:90,8
DA:91,8
DA:92,8
DA:97,4
DA:118,1
DA:124,1
LF:26
LH:26
BRDA:32,0,0,1
BRDA:32,0,1,12
BRDA:35,1,0,13
BRDA:35,1,1,13
BRDA:37,2,0,2
BRDA:37,2,1,11
BRDA:43,3,0,11
BRDA:43,3,1,2
BRDA:48,4,0,5
BRDA:48,4,1,8
BRDA:56,5,0,8
BRDA:56,5,1,4
BRDA:58,6,0,1
BRDA:58,6,1,7
BRDA:58,7,0,8
BRDA:58,7,1,1
BRDA:58,7,2,1
BRDA:60,8,0,1
BRDA:60,8,1,0
BRDA:74,9,0,1
BRDA:74,9,1,6
BRDA:76,10,0,1
BRDA:76,10,1,5
BRDA:78,11,0,1
BRDA:78,11,1,4
BRDA:80,12,0,1
BRDA:80,12,1,3
BRDA:82,13,0,1
BRDA:82,13,1,2
BRDA:84,14,0,1
BRDA:84,14,1,1
BRDA:88,15,0,8
BRDA:88,15,1,0
BRF:33
BRH:31
end_of_record
