TN:
SF:src/stores/chatStore.ts
FN:8,(anonymous_0)
FN:9,(anonymous_1)
FN:12,(anonymous_2)
FN:13,(anonymous_3)
FN:46,(anonymous_4)
FN:51,(anonymous_5)
FN:52,(anonymous_6)
FN:58,(anonymous_7)
FN:59,(anonymous_8)
FN:65,(anonymous_9)
FN:67,(anonymous_10)
FN:68,(anonymous_11)
FN:69,(anonymous_12)
FN:74,(anonymous_13)
FN:75,(anonymous_14)
FN:78,(anonymous_15)
FN:87,(anonymous_16)
FN:89,(anonymous_17)
FN:93,(anonymous_18)
FNF:19
FNH:17
FNDA:1316,(anonymous_0)
FNDA:174754,(anonymous_1)
FNDA:4,(anonymous_2)
FNDA:708,(anonymous_3)
FNDA:1,(anonymous_4)
FNDA:608,(anonymous_5)
FNDA:608,(anonymous_6)
FNDA:4,(anonymous_7)
FNDA:4,(anonymous_8)
FNDA:1,(anonymous_9)
FNDA:3,(anonymous_10)
FNDA:3,(anonymous_11)
FNDA:4,(anonymous_12)
FNDA:2,(anonymous_13)
FNDA:2,(anonymous_14)
FNDA:4,(anonymous_15)
FNDA:0,(anonymous_16)
FNDA:0,(anonymous_17)
FNDA:629,(anonymous_18)
DA:6,1
DA:8,1
DA:9,174754
DA:12,1
DA:13,4
DA:14,708
DA:44,1
DA:46,1
DA:52,608
DA:59,4
DA:65,1
DA:68,3
DA:70,4
DA:75,2
DA:76,2
DA:77,2
DA:79,4
DA:80,4
DA:87,0
DA:89,0
DA:93,629
LF:21
LH:19
BRDA:53,0,0,1
BRDA:53,0,1,607
BRDA:70,1,0,2
BRDA:70,1,1,2
BRDA:70,2,0,2
BRDA:70,2,1,0
BRDA:79,3,0,4
BRDA:79,3,1,1
BRDA:80,4,0,3
BRDA:80,4,1,1
BRDA:81,5,0,3
BRDA:81,5,1,0
BRF:12
BRH:10
end_of_record
TN:
SF:src/stores/connectionStore.ts
FN:20,(anonymous_0)
FN:25,(anonymous_1)
FN:32,(anonymous_2)
FN:38,(anonymous_3)
FNF:4
FNH:4
FNDA:1,(anonymous_0)
FNDA:2,(anonymous_1)
FNDA:3,(anonymous_2)
FNDA:1,(anonymous_3)
DA:20,1
DA:26,2
DA:33,3
DA:39,1
LF:4
LH:4
BRDA:35,0,0,3
BRDA:35,0,1,1
BRF:2
BRH:2
end_of_record
TN:
SF:src/stores/languageStore.ts
FN:19,(anonymous_0)
FN:33,(anonymous_1)
FN:36,(anonymous_2)
FN:41,(anonymous_3)
FNF:4
FNH:4
FNDA:4,(anonymous_0)
FNDA:1,(anonymous_1)
FNDA:2,(anonymous_2)
FNDA:2,(anonymous_3)
DA:17,1
DA:19,1
DA:20,4
DA:21,4
DA:22,4
DA:23,4
DA:33,1
DA:37,2
DA:38,2
DA:43,2
DA:56,2
DA:58,2
DA:59,2
LF:13
LH:13
BRDA:21,0,0,4
BRDA:21,0,1,0
BRDA:23,1,0,1
BRDA:23,1,1,3
BRDA:56,2,0,1
BRDA:56,2,1,1
BRF:6
BRH:5
end_of_record
TN:
SF:src/stores/logStore.ts
FN:19,(anonymous_0)
FN:25,(anonymous_1)
FN:26,(anonymous_2)
FN:31,(anonymous_3)
FN:32,(anonymous_4)
FN:36,(anonymous_5)
FN:38,(anonymous_6)
FN:40,(anonymous_7)
FN:42,(anonymous_8)
FNF:9
FNH:9
FNDA:1,(anonymous_0)
FNDA:1003,(anonymous_1)
FNDA:1003,(anonymous_2)
FNDA:1,(anonymous_3)
FNDA:1,(anonymous_4)
FNDA:1,(anonymous_5)
FNDA:1,(anonymous_6)
FNDA:1,(anonymous_7)
FNDA:1,(anonymous_8)
DA:19,1
DA:26,1003
DA:32,1
DA:36,1
DA:38,1
DA:40,1
DA:42,1
LF:7
LH:7
BRF:0
BRH:0
end_of_record
TN:
SF:src/stores/obsStore.ts
FN:47,(anonymous_0)
FN:57,(anonymous_1)
FN:60,(anonymous_2)
FN:71,(anonymous_3)
FN:73,(anonymous_4)
FN:94,(anonymous_5)
FN:111,(anonymous_6)
FN:127,(anonymous_7)
FN:136,(anonymous_8)
FN:196,(anonymous_9)
FN:213,(anonymous_10)
FN:229,(anonymous_11)
FN:238,(anonymous_12)
FN:247,(anonymous_13)
FNF:14
FNH:9
FNDA:1,(anonymous_0)
FNDA:3,(anonymous_1)
FNDA:1,(anonymous_2)
FNDA:0,(anonymous_3)
FNDA:0,(anonymous_4)
FNDA:1,(anonymous_5)
FNDA:2,(anonymous_6)
FNDA:0,(anonymous_7)
FNDA:2,(anonymous_8)
FNDA:2,(anonymous_9)
FNDA:1,(anonymous_10)
FNDA:0,(anonymous_11)
FNDA:0,(anonymous_12)
FNDA:4,(anonymous_13)
DA:47,1
DA:57,1
DA:58,3
DA:60,1
DA:71,0
DA:74,0
DA:75,0
DA:76,0
DA:84,0
DA:95,1
DA:96,1
DA:97,1
DA:98,1
DA:100,0
DA:102,1
DA:112,2
DA:113,2
DA:114,1
DA:115,1
DA:118,1
DA:128,0
DA:137,2
DA:138,2
DA:140,2
DA:141,1
DA:142,1
DA:145,1
DA:146,1
DA:149,1
DA:159,2
DA:162,2
DA:172,2
DA:178,1
DA:187,0
DA:189,0
DA:190,0
DA:192,1
DA:199,2
DA:200,2
DA:201,2
DA:204,1
DA:205,1
DA:209,1
DA:214,1
DA:215,1
DA:216,1
DA:224,0
DA:225,0
DA:230,0
DA:231,0
DA:233,0
DA:234,0
DA:239,0
DA:240,0
DA:242,0
DA:243,0
DA:248,4
DA:249,4
DA:251,4
DA:260,4
DA:261,4
DA:262,2
DA:263,1
DA:267,1
DA:268,1
LF:65
LH:45
BRDA:58,0,0,3
BRDA:58,0,1,1
BRDA:113,1,0,1
BRDA:113,1,1,1
BRDA:140,2,0,1
BRDA:140,2,1,1
BRDA:140,3,0,2
BRDA:140,3,1,1
BRDA:150,4,0,1
BRDA:150,4,1,1
BRDA:151,5,0,2
BRDA:151,5,1,0
BRDA:152,6,0,2
BRDA:152,6,1,1
BRDA:153,7,0,2
BRDA:153,7,1,1
BRDA:154,8,0,2
BRDA:154,8,1,1
BRDA:155,9,0,2
BRDA:155,9,1,1
BRDA:204,10,0,1
BRDA:204,10,1,0
BRDA:249,11,0,4
BRDA:249,11,1,1
BRDA:253,12,0,4
BRDA:253,12,1,3
BRDA:254,13,0,4
BRDA:254,13,1,4
BRDA:255,14,0,4
BRDA:255,14,1,4
BRDA:256,15,0,4
BRDA:256,15,1,4
BRDA:261,16,0,2
BRDA:261,16,1,2
BRDA:261,17,0,4
BRDA:261,17,1,3
BRDA:262,18,0,1
BRDA:262,18,1,1
BRDA:262,19,0,2
BRDA:262,19,1,1
BRDA:267,20,0,1
BRDA:267,20,1,0
BRDA:267,21,0,1
BRDA:267,21,1,1
BRF:44
BRH:41
end_of_record
TN:
SF:src/stores/profileStore.ts
FNF:0
FNH:0
LF:0
LH:0
BRF:0
BRH:0
end_of_record
TN:
SF:src/stores/settingsStore.ts
FN:12,(anonymous_0)
FN:14,(anonymous_1)
FNF:2
FNH:2
FNDA:5,(anonymous_0)
FNDA:2,(anonymous_1)
DA:12,5
DA:14,2
LF:2
LH:2
BRF:0
BRH:0
end_of_record
TN:
SF:src/stores/streamStore.ts
FNF:0
FNH:0
LF:0
LH:0
BRF:0
BRH:0
end_of_record
TN:
SF:src/stores/themeStore.ts
FN:35,(anonymous_0)
FN:70,applyTheme
FN:90,setThemeOverrides
FN:109,clearThemeOverrides
FN:120,(anonymous_4)
FN:129,(anonymous_5)
FN:134,(anonymous_6)
FN:160,(anonymous_7)
FN:162,(anonymous_8)
FN:176,(anonymous_9)
FN:181,(anonymous_10)
FN:206,(anonymous_11)
FN:227,(anonymous_12)
FN:233,(anonymous_13)
FN:236,(anonymous_14)
FN:248,(anonymous_15)
FN:275,(anonymous_16)
FN:280,(anonymous_17)
FN:280,(anonymous_18)
FN:310,subscribeThemesUpdated
FN:311,(anonymous_20)
FN:312,(anonymous_21)
FN:315,(anonymous_22)
FN:319,(anonymous_23)
FN:322,(anonymous_24)
FNF:25
FNH:16
FNDA:1,(anonymous_0)
FNDA:2,applyTheme
FNDA:1,setThemeOverrides
FNDA:1,clearThemeOverrides
FNDA:1,(anonymous_4)
FNDA:1,(anonymous_5)
FNDA:4,(anonymous_6)
FNDA:0,(anonymous_7)
FNDA:0,(anonymous_8)
FNDA:6,(anonymous_9)
FNDA:2,(anonymous_10)
FNDA:0,(anonymous_11)
FNDA:3,(anonymous_12)
FNDA:2,(anonymous_13)
FNDA:4,(anonymous_14)
FNDA:3,(anonymous_15)
FNDA:14,(anonymous_16)
FNDA:1,(anonymous_17)
FNDA:1,(anonymous_18)
FNDA:0,subscribeThemesUpdated
FNDA:0,(anonymous_20)
FNDA:0,(anonymous_21)
FNDA:0,(anonymous_22)
FNDA:0,(anonymous_23)
FNDA:0,(anonymous_24)
DA:25,1
DA:31,1
DA:34,1
DA:35,1
DA:36,1
DA:42,1
DA:71,2
DA:73,2
DA:74,2
DA:77,2
DA:78,2
DA:79,1
DA:81,1
DA:91,1
DA:93,1
DA:95,1
DA:96,0
DA:97,0
DA:101,1
DA:102,1
DA:103,1
DA:104,1
DA:106,1
DA:110,1
DA:111,1
DA:112,1
DA:113,1
DA:115,1
DA:118,1
DA:120,1
DA:130,1
DA:131,0
DA:148,4
DA:149,4
DA:154,1
DA:157,3
DA:159,3
DA:160,0
DA:161,0
DA:162,0
DA:166,0
DA:167,0
DA:169,0
DA:174,3
DA:176,6
DA:177,3
DA:179,1
DA:180,1
DA:181,2
DA:183,1
DA:184,1
DA:185,1
DA:186,1
DA:191,2
DA:192,2
DA:194,2
DA:198,4
DA:199,0
DA:201,2
DA:202,2
DA:205,1
DA:206,0
DA:207,0
DA:214,2
DA:215,2
DA:217,1
DA:219,1
DA:220,1
DA:221,0
DA:223,1
DA:228,3
DA:229,3
DA:233,2
DA:234,2
DA:236,4
DA:238,2
DA:240,2
DA:241,1
DA:242,1
DA:247,2
DA:248,3
DA:250,0
DA:251,0
DA:252,0
DA:253,0
DA:257,1
DA:258,1
DA:264,1
DA:265,1
DA:266,0
DA:267,0
DA:269,1
DA:275,14
DA:280,1
DA:281,1
DA:294,1
DA:295,0
DA:296,0
DA:311,0
DA:312,0
DA:313,0
DA:315,0
DA:317,0
DA:318,0
DA:319,0
DA:320,0
DA:322,0
LF:107
LH:77
BRDA:71,0,0,0
BRDA:71,0,1,2
BRDA:77,1,0,2
BRDA:77,1,1,1
BRDA:78,2,0,1
BRDA:78,2,1,1
BRDA:91,3,0,0
BRDA:91,3,1,1
BRDA:96,4,0,0
BRDA:96,4,1,0
BRDA:110,5,0,0
BRDA:110,5,1,1
BRDA:130,6,0,1
BRDA:130,6,1,0
BRDA:149,7,0,1
BRDA:149,7,1,3
BRDA:150,8,0,4
BRDA:150,8,1,1
BRDA:150,8,2,1
BRDA:159,9,0,0
BRDA:159,9,1,3
BRDA:177,10,0,1
BRDA:177,10,1,2
BRDA:183,11,0,1
BRDA:183,11,1,0
BRDA:194,12,0,2
BRDA:194,12,1,0
BRDA:194,12,2,0
BRDA:198,13,0,0
BRDA:198,13,1,2
BRDA:205,14,0,0
BRDA:205,14,1,1
BRDA:205,15,0,1
BRDA:205,15,1,1
BRDA:219,16,0,1
BRDA:219,16,1,0
BRDA:220,17,0,0
BRDA:220,17,1,1
BRDA:240,18,0,1
BRDA:240,18,1,1
BRDA:248,19,0,0
BRDA:248,19,1,2
BRDA:250,20,0,0
BRDA:250,20,1,0
BRDA:251,21,0,0
BRDA:251,21,1,0
BRDA:259,22,0,1
BRDA:259,22,1,0
BRDA:265,23,0,0
BRDA:265,23,1,1
BRDA:281,24,0,1
BRDA:281,24,1,0
BRDA:294,25,0,0
BRDA:294,25,1,1
BRDA:294,26,0,1
BRDA:294,26,1,0
BRDA:295,27,0,0
BRDA:295,27,1,0
BRDA:319,28,0,0
BRDA:319,28,1,0
BRF:60
BRH:32
end_of_record
TN:
SF:src/stores/profile/applySettings.ts
FN:8,(anonymous_0)
FN:23,(anonymous_1)
FNF:2
FNH:2
FNDA:3,(anonymous_0)
FNDA:1,(anonymous_1)
DA:8,1
DA:9,3
DA:10,2
DA:12,3
DA:13,2
DA:15,3
DA:23,1
DA:24,1
LF:8
LH:8
BRDA:9,0,0,2
BRDA:9,0,1,1
BRDA:12,1,0,2
BRDA:12,1,1,1
BRF:4
BRH:4
end_of_record
TN:
SF:src/stores/profile/core.ts
FN:30,(anonymous_0)
FN:36,(anonymous_1)
FN:51,(anonymous_2)
FN:109,(anonymous_3)
FN:132,(anonymous_4)
FN:136,(anonymous_5)
FN:160,(anonymous_6)
FN:171,(anonymous_7)
FN:172,(anonymous_8)
FN:174,(anonymous_9)
FN:178,(anonymous_10)
FN:193,(anonymous_11)
FN:208,(anonymous_12)
FN:224,(anonymous_13)
FN:237,(anonymous_14)
FNF:15
FNH:9
FNDA:4,(anonymous_0)
FNDA:4,(anonymous_1)
FNDA:3,(anonymous_2)
FNDA:3,(anonymous_3)
FNDA:2,(anonymous_4)
FNDA:4,(anonymous_5)
FNDA:0,(anonymous_6)
FNDA:0,(anonymous_7)
FNDA:0,(anonymous_8)
FNDA:0,(anonymous_9)
FNDA:0,(anonymous_10)
FNDA:1,(anonymous_11)
FNDA:0,(anonymous_12)
FNDA:4,(anonymous_13)
FNDA:6,(anonymous_14)
DA:30,4
DA:37,4
DA:38,4
DA:39,4
DA:41,0
DA:43,4
DA:44,4
DA:45,3
DA:47,1
DA:52,3
DA:53,3
DA:55,3
DA:56,3
DA:58,0
DA:60,3
DA:61,3
DA:62,3
DA:63,1
DA:64,1
DA:70,2
DA:71,1
DA:75,1
DA:85,1
DA:87,1
DA:88,0
DA:91,1
DA:92,1
DA:93,1
DA:94,1
DA:97,0
DA:100,1
DA:101,1
DA:102,1
DA:104,0
DA:110,3
DA:111,3
DA:113,2
DA:121,2
DA:122,2
DA:123,2
DA:124,2
DA:125,2
DA:127,0
DA:128,0
DA:133,2
DA:134,2
DA:135,2
DA:136,4
DA:137,2
DA:138,2
DA:147,2
DA:148,2
DA:149,2
DA:150,1
DA:153,0
DA:156,0
DA:161,0
DA:162,0
DA:163,0
DA:164,0
DA:165,0
DA:167,0
DA:171,0
DA:172,0
DA:175,0
DA:179,0
DA:180,0
DA:181,0
DA:186,0
DA:187,0
DA:189,0
DA:194,1
DA:195,1
DA:196,1
DA:197,1
DA:202,1
DA:203,1
DA:204,1
DA:209,0
DA:210,0
DA:211,0
DA:212,0
DA:219,0
DA:220,0
DA:225,4
DA:226,4
DA:227,3
DA:228,3
DA:230,2
DA:231,2
DA:232,2
DA:234,2
DA:236,2
DA:237,6
DA:240,1
LF:95
LH:65
BRDA:38,0,0,4
BRDA:38,0,1,0
BRDA:55,1,0,3
BRDA:55,1,1,0
BRDA:62,2,0,1
BRDA:62,2,1,2
BRDA:62,3,0,3
BRDA:62,3,1,2
BRDA:87,4,0,0
BRDA:87,4,1,1
BRDA:93,5,0,1
BRDA:93,5,1,0
BRDA:101,6,0,1
BRDA:101,6,1,0
BRDA:101,7,0,1
BRDA:101,7,1,1
BRDA:111,8,0,1
BRDA:111,8,1,2
BRDA:140,9,0,1
BRDA:140,9,1,1
BRDA:149,10,0,1
BRDA:149,10,1,1
BRDA:195,11,0,1
BRDA:195,11,1,0
BRDA:210,12,0,0
BRDA:210,12,1,0
BRDA:210,13,0,0
BRDA:210,13,1,0
BRDA:226,14,0,1
BRDA:226,14,1,3
BRDA:227,15,0,0
BRDA:227,15,1,3
BRDA:227,16,0,3
BRDA:227,16,1,3
BRDA:228,17,0,1
BRDA:228,17,1,2
BRDA:228,18,0,3
BRDA:228,18,1,3
BRF:38
BRH:27
end_of_record
TN:
SF:src/stores/profile/index.ts
FN:24,(anonymous_0)
FN:42,subscribeProfileActivated
FN:43,(anonymous_2)
FN:69,subscribeOAuthTokenExpired
FN:70,(anonymous_4)
FNF:5
FNH:5
FNDA:4,(anonymous_0)
FNDA:2,subscribeProfileActivated
FNDA:2,(anonymous_2)
FNDA:1,subscribeOAuthTokenExpired
FNDA:1,(anonymous_4)
DA:24,4
DA:43,2
DA:44,2
DA:45,2
DA:46,1
DA:70,1
DA:71,1
DA:72,1
DA:73,1
LF:9
LH:9
BRDA:45,0,0,1
BRDA:45,0,1,1
BRF:2
BRH:2
end_of_record
TN:
SF:src/stores/profile/output-groups.ts
FN:17,(anonymous_0)
FN:21,(anonymous_1)
FN:34,(anonymous_2)
FN:40,(anonymous_3)
FN:49,(anonymous_4)
FN:52,(anonymous_5)
FN:61,(anonymous_6)
FN:68,(anonymous_7)
FN:74,(anonymous_8)
FN:83,(anonymous_9)
FN:89,(anonymous_10)
FN:93,(anonymous_11)
FN:105,(anonymous_12)
FN:111,(anonymous_13)
FN:113,(anonymous_14)
FN:122,(anonymous_15)
FN:126,(anonymous_16)
FN:127,(anonymous_17)
FN:133,(anonymous_18)
FN:137,(anonymous_19)
FNF:20
FNH:20
FNDA:4,(anonymous_0)
FNDA:2,(anonymous_1)
FNDA:1,(anonymous_2)
FNDA:2,(anonymous_3)
FNDA:2,(anonymous_4)
FNDA:3,(anonymous_5)
FNDA:2,(anonymous_6)
FNDA:1,(anonymous_7)
FNDA:1,(anonymous_8)
FNDA:1,(anonymous_9)
FNDA:1,(anonymous_10)
FNDA:2,(anonymous_11)
FNDA:1,(anonymous_12)
FNDA:1,(anonymous_13)
FNDA:2,(anonymous_14)
FNDA:3,(anonymous_15)
FNDA:2,(anonymous_16)
FNDA:2,(anonymous_17)
FNDA:2,(anonymous_18)
FNDA:2,(anonymous_19)
DA:17,4
DA:20,4
DA:22,2
DA:23,2
DA:24,1
DA:30,1
DA:35,1
DA:36,1
DA:37,1
DA:41,2
DA:45,1
DA:50,2
DA:51,2
DA:52,3
DA:53,2
DA:54,1
DA:55,1
DA:58,1
DA:61,2
DA:64,1
DA:69,1
DA:70,1
DA:71,1
DA:75,1
DA:79,1
DA:84,1
DA:85,1
DA:86,1
DA:90,1
DA:94,2
DA:101,1
DA:106,1
DA:107,1
DA:108,1
DA:112,1
DA:113,2
DA:118,1
DA:123,3
DA:124,3
DA:126,2
DA:127,2
DA:128,3
DA:130,1
DA:134,2
DA:135,1
DA:137,2
DA:140,1
DA:141,1
DA:143,0
DA:147,1
LF:50
LH:49
BRDA:23,0,0,1
BRDA:23,0,1,1
BRDA:36,1,0,1
BRDA:36,1,1,0
BRDA:41,2,0,1
BRDA:41,2,1,1
BRDA:51,3,0,2
BRDA:51,3,1,0
BRDA:53,4,0,1
BRDA:53,4,1,1
BRDA:70,5,0,1
BRDA:70,5,1,0
BRDA:75,6,0,1
BRDA:75,6,1,0
BRDA:85,7,0,1
BRDA:85,7,1,0
BRDA:90,8,0,1
BRDA:90,8,1,0
BRDA:94,9,0,1
BRDA:94,9,1,1
BRDA:107,10,0,1
BRDA:107,10,1,0
BRDA:112,11,0,1
BRDA:112,11,1,0
BRDA:124,12,0,1
BRDA:124,12,1,2
BRDA:124,13,0,3
BRDA:124,13,1,3
BRDA:128,14,0,1
BRDA:128,14,1,2
BRDA:134,15,0,1
BRDA:134,15,1,1
BRDA:140,16,0,1
BRDA:140,16,1,0
BRF:34
BRH:25
end_of_record
TN:
SF:src/stores/profile/password.ts
FN:17,(anonymous_0)
FN:25,(anonymous_1)
FN:27,(anonymous_2)
FN:56,(anonymous_3)
FN:64,(anonymous_4)
FNF:5
FNH:4
FNDA:4,(anonymous_0)
FNDA:0,(anonymous_1)
FNDA:5,(anonymous_2)
FNDA:1,(anonymous_3)
FNDA:2,(anonymous_4)
DA:17,4
DA:20,4
DA:25,0
DA:28,5
DA:29,5
DA:30,5
DA:32,4
DA:35,3
DA:36,3
DA:37,1
DA:38,1
DA:39,1
DA:41,2
DA:42,2
DA:43,1
DA:45,1
DA:46,1
DA:49,3
DA:53,1
DA:57,1
DA:65,2
LF:21
LH:20
BRDA:30,0,0,1
BRDA:30,0,1,4
BRDA:32,1,0,3
BRDA:32,1,1,1
BRDA:42,2,0,1
BRDA:42,2,1,1
BRF:6
BRH:6
end_of_record
TN:
SF:src/stores/profile/types.ts
FNF:0
FNH:0
LF:0
LH:0
BRF:0
BRH:0
end_of_record
TN:
SF:src/stores/stream/core.ts
FN:35,(anonymous_0)
FN:43,(anonymous_1)
FN:67,(anonymous_2)
FN:89,(anonymous_3)
FN:106,(anonymous_4)
FN:113,(anonymous_5)
FN:139,(anonymous_6)
FN:155,(anonymous_7)
FN:172,(anonymous_8)
FN:177,(anonymous_9)
FN:187,(anonymous_10)
FN:197,(anonymous_11)
FN:199,(anonymous_12)
FNF:13
FNH:8
FNDA:3,(anonymous_0)
FNDA:2,(anonymous_1)
FNDA:2,(anonymous_2)
FNDA:0,(anonymous_3)
FNDA:3,(anonymous_4)
FNDA:5,(anonymous_5)
FNDA:1,(anonymous_6)
FNDA:2,(anonymous_7)
FNDA:0,(anonymous_8)
FNDA:0,(anonymous_9)
FNDA:0,(anonymous_10)
FNDA:0,(anonymous_11)
FNDA:18,(anonymous_12)
DA:35,3
DA:44,2
DA:45,2
DA:50,2
DA:51,2
DA:53,2
DA:63,0
DA:68,2
DA:69,2
DA:70,2
DA:71,1
DA:72,1
DA:73,1
DA:81,1
DA:82,1
DA:85,1
DA:90,0
DA:91,0
DA:92,0
DA:93,0
DA:94,0
DA:95,0
DA:99,0
DA:101,0
DA:107,3
DA:109,3
DA:112,3
DA:113,3
DA:114,5
DA:115,5
DA:116,5
DA:119,3
DA:120,1
DA:123,2
DA:125,2
DA:126,2
DA:127,3
DA:129,2
DA:131,2
DA:132,2
DA:134,1
DA:135,1
DA:140,1
DA:141,1
DA:142,1
DA:149,1
DA:151,0
DA:156,2
DA:157,2
DA:159,1
DA:160,1
DA:161,1
DA:163,0
DA:165,1
DA:167,1
DA:168,1
DA:173,0
DA:174,0
DA:178,0
DA:179,0
DA:180,0
DA:182,0
DA:184,0
DA:188,0
DA:189,0
DA:190,0
DA:192,0
DA:194,0
DA:197,0
DA:200,18
LF:70
LH:46
BRDA:57,0,0,1
BRDA:57,0,1,1
BRDA:58,1,0,1
BRDA:58,1,1,1
BRDA:59,2,0,1
BRDA:59,2,1,1
BRDA:60,3,0,1
BRDA:60,3,1,1
BRDA:99,4,0,0
BRDA:99,4,1,0
BRDA:115,5,0,5
BRDA:115,5,1,2
BRDA:116,6,0,5
BRDA:116,6,1,4
BRDA:119,7,0,1
BRDA:119,7,1,2
BRDA:160,8,0,1
BRDA:160,8,1,0
BRDA:173,9,0,0
BRDA:173,9,1,0
BRDA:179,10,0,0
BRDA:179,10,1,0
BRDA:189,11,0,0
BRDA:189,11,1,0
BRF:24
BRH:15
end_of_record
TN:
SF:src/stores/stream/index.ts
FN:15,(anonymous_0)
FNF:1
FNH:1
FNDA:3,(anonymous_0)
DA:15,3
LF:1
LH:1
BRF:0
BRH:0
end_of_record
TN:
SF:src/stores/stream/stats.ts
FN:24,(anonymous_0)
FN:34,(anonymous_1)
FN:50,(anonymous_2)
FN:51,(anonymous_3)
FN:52,(anonymous_4)
FN:66,(anonymous_5)
FN:74,(anonymous_6)
FN:75,(anonymous_7)
FN:76,(anonymous_8)
FN:93,(anonymous_9)
FN:101,(anonymous_10)
FN:102,(anonymous_11)
FN:103,(anonymous_12)
FN:121,(anonymous_13)
FN:122,(anonymous_14)
FN:128,(anonymous_15)
FN:152,(anonymous_16)
FN:159,(anonymous_17)
FNF:18
FNH:13
FNDA:3,(anonymous_0)
FNDA:6,(anonymous_1)
FNDA:8,(anonymous_2)
FNDA:8,(anonymous_3)
FNDA:8,(anonymous_4)
FNDA:2,(anonymous_5)
FNDA:1,(anonymous_6)
FNDA:1,(anonymous_7)
FNDA:1,(anonymous_8)
FNDA:1,(anonymous_9)
FNDA:0,(anonymous_10)
FNDA:0,(anonymous_11)
FNDA:0,(anonymous_12)
FNDA:3,(anonymous_13)
FNDA:0,(anonymous_14)
FNDA:8,(anonymous_15)
FNDA:5,(anonymous_16)
FNDA:0,(anonymous_17)
DA:24,3
DA:35,6
DA:36,6
DA:38,6
DA:49,6
DA:50,8
DA:51,8
DA:52,8
DA:54,6
DA:67,2
DA:68,2
DA:70,2
DA:71,2
DA:73,2
DA:74,2
DA:75,2
DA:76,2
DA:77,2
DA:78,2
DA:94,1
DA:95,1
DA:97,1
DA:98,1
DA:100,1
DA:101,1
DA:102,1
DA:103,1
DA:104,1
DA:105,1
DA:121,3
DA:122,0
DA:129,8
DA:130,8
DA:132,8
DA:133,8
DA:134,7
DA:135,4
DA:139,3
DA:140,1
DA:149,8
DA:150,5
DA:153,5
DA:154,2
DA:155,3
DA:156,3
DA:160,0
LF:46
LH:44
BRDA:89,0,0,1
BRDA:89,0,1,1
BRDA:116,1,0,0
BRDA:116,1,1,1
BRDA:133,2,0,7
BRDA:133,2,1,1
BRDA:134,3,0,4
BRDA:134,3,1,3
BRDA:134,4,0,7
BRDA:134,4,1,5
BRDA:139,5,0,1
BRDA:139,5,1,2
BRDA:139,6,0,3
BRDA:139,6,1,2
BRDA:149,7,0,5
BRDA:149,7,1,3
BRDA:149,8,0,8
BRDA:149,8,1,6
BRDA:153,9,0,2
BRDA:153,9,1,3
BRDA:153,10,0,5
BRDA:153,10,1,5
BRDA:155,11,0,3
BRDA:155,11,1,0
BRF:24
BRH:22
end_of_record
TN:
SF:src/stores/stream/types.ts
FNF:0
FNH:0
DA:59,3
LF:1
LH:1
BRF:0
BRH:0
end_of_record
